make.exe all --print-data-base --no-builtin-variables --no-builtin-rules --question
# GNU Make 3.81
# Copyright (C) 2006  Free Software Foundation, Inc.
# This is free software; see the source for copying conditions.
# There is NO warranty; not even for MERCHANTABILITY or FITNESS FOR A
# PARTICULAR PURPOSE.

# This program built for i386-pc-mingw32
 

# Make data base, printed on Tue Mar 22 11:35:46 2022

# Variables

# environment
POWERSHELL_DISTRIBUTION_CHANNEL = MSI:Windows 10 Pro
# automatic
?F = $(notdir $?)
# automatic
<D = $(patsubst %/,%,$(dir $<))
# environment
ELECTRON_NO_ATTACH_CONSOLE = 1
# makefile (from `makefile', line 141)
LDSCRIPT = STM32F746ZGTx_FLASH.ld
# makefile
MAKEFLAGS = Rrqp
# environment
VSCODE_LOG_NATIVE = false
# makefile (from `makefile', line 16)
TARGET = nucleo
# automatic
?D = $(patsubst %/,%,$(dir $?))
# makefile (from ` 
makefile', line 103)
AS_DEFS = 
# makefile (from `makefile', line 112)
AS_INCLUDES = 
# automatic
@D = $(patsubst %/,%,$(dir $@))
# environment
HOMEDRIVE = C:
# automatic
@F = $(notdir $@)
# automatic
^D = $(patsubst %/,%,$(dir $^))
# makefile
CURDIR := c:/Users/me/Documents/arm/projects/nucleo
# default
SHELL := C:/Users/me/Documents/arm/toolchain/git/bin/sh.exe
# makefile (from `makefile', line 84)
BIN = $(CP) -O binary -S
# environment
WINDIR = C:\Windows
# environment
VSCODE_NLS_CONFIG = {"locale":"en-u 
s","availableLanguages":{},"_languagePackSupport":true}
# makefile (from `makefile', line 81)
SZ = $(PREFIX)size
# makefile (from `makefile', line 134)
CFLAGS = $(MCU) $(C_DEFS) $(C_INCLUDES) $(OPT) -Wall -fdata-sections -ffunction-sections -g -gdwarf-2 -MMD -MP -MF"$(@:%.o=%.d)"
# environment
ONEDRIVE = C:\Users\me\OneDrive
# environment
PATHEXT = .COM;.EXE;.BAT;.CMD;.VBS;.VBE;.JS;.JSE;.WSF;.WSH;.MSC;.CPL
# makefile (from `build/system_stm32f7xx.d', line 1)
MAKEFILE_LIST :=  makefile build/gpio.d build/main.d build/startup_stm32f746xx.d build/stm32f7xx_hal.d build/stm32f7xx_hal_cortex.d build/stm32f7xx_hal_dma.d build/stm32f7xx_hal_dma_ex.d build/stm32f7xx_hal_exti.d build/stm32f7xx_hal_flash.d build/stm32f7xx_hal_flash_ex.d build/stm32f7xx_hal_gpio.d build/stm32f7xx_hal_i2c.d build/stm32f7xx_hal_i2c_ex.d build/stm32f7xx_hal_msp.d build/stm32f7xx_hal_pwr.d build/stm32f7xx_hal_pwr_ex.d build/stm32f7xx_hal_rcc.d build/stm32f7xx_hal_rcc_ex.d build/stm32f7xx_hal_tim.d build/stm32f7xx_hal_tim_ex.d build/stm32f7xx 
_it.d build/system_stm32f7xx.d
# makefile (from `makefile', line 80)
CP = $(PREFIX)objcopy
# makefile (from `makefile', line 23)
DEBUG = 1
# environment
TMP = C:\Users\me\AppData\Local\Temp
# environment
VSCODE_VERBOSE_LOGGING = true
# makefile (from `makefile', line 79)
AS = $(PREFIX)gcc -x assembler-with-cpp
# environment
PROGRAMW6432 = C:\Program Files
# environment
PROGRAMDATA = C:\ProgramData
# environment
VSCODE_IPC_HOOK_EXTHOST = \\.\pipe\vscode-ipc-b92a0346-832f-4280-b4b0-5b7569c3c190-sock
# environment
VSCODE_CWD = C:\Users\me\Documents\arm\projects\nucleo
# environment
PATH = C:\Program Files\PowerShell\7;C:\Program Files (x86)\Common Files\Oracle\Java\javapath;C:\Windows\system32;C:\Windows;C:\Windows\System32\Wbem;C:\Windows\System32\WindowsPowerShell\v1.0\;C:\Windows\System32\OpenSSH\;C:\Program Files\WireGuard\;C:\Program Files\Git\cmd;C:\Program Files\usbipd-win\;C:\Program Files\Go\bin;C:\Program Files\CMake\bin;C:\Program Files\PowerShell\7\;C:\Program Files (x86)\GNU Arm Embedded Toolchain\10 2021.10\bin;C:\Users\me\.cargo\bin;C:\texlive\2014\bin\win32;C:\Users\me\AppData\Local\Microsoft\WindowsApps;C:\texlive\2019\bin\win32;C:\Users\me\AppData\Local\Programs\oh-my-posh\bin;C:\Users\me\AppData\Local\Programs\oh-my-posh\themes;C:\Users\me\Vim\vim82;C:\Python36;C:\Windows\SysWOW64;C:\Users\me\AppData\Roaming\xpack-openocd-0.11.0-3-win32-x64\xpack-openocd-0.11.0-3\bin;C:\Program Files\qemu;C:\Users\me\AppData\Local\Programs\Microsoft VS Code\bin;C:\Users\me\go\bin;C:\Users\me\Documents\arm\toolchain\OpenOCD-20211118-0.11.0\bin;C:\Users\me\Documents\arm\toolchain\make-3.81\bin;C:\Users\me\Documents\arm\toolchain\git\bin;C:\Users\me\Documents\arm\toolchain\git\usr\bin;C:\Users\me\AppData\Local\ctags;C:\Program Files (x86)\SEGGER\JLink;C:\Program Files (x86)\stlink-1.7.0-x86_64-w64-mingw32\bin
# environment
COMMONPROGRAMW6432 = C:\Program Files\Common Files
# environment
PROCESSOR_ARCHITECTURE = x86
# environment
USERPROFILE = C:\Users\me
# environment
ALLUSERSPROFILE = C:\ProgramData
# environment
GO 
PATH = C:\Users\me\go
# environment
LOGONSERVER = \\DESKTOP-SAUH1VQ
# environment
VSCODE_LOG_STACK = false
# environment
NUMBER_OF_PROCESSORS = 4
# environment
ELECTRON_RUN_AS_NODE = 1
# makefile (from `makefile', line 146)
LDFLAGS = $(MCU) -specs=nano.specs -T$(LDSCRIPT) $(LIBDIR) $(LIBS) -Wl,-Map=$(BUILD_DIR)/$(TARGET).map,--cref -Wl,--gc-sections
# default
.FEATURES := target-specific order-only second-expansion else-if archives
# automatic
%F = $(notdir $%)
# environment
CHROME_CRASHPAD_PIPE_NAME = \\.\pipe\crashpad_9132_QRFHNFSVTEYYHNOO
# makefile (from `makefile', line 62)
ASM_SOURCES = startup_stm32f746xx.s
# makefile (from `makefile', line 25)
OPT = -Og
# environment
VSCODE_PIPE_LOGGING = true
# environment
COMPUTERNAME = DESKTOP-SAUH1VQ
# environment
PROGRAMFILES = C:\Program Files (x86)
# environment
DRIVERDATA = C:\Windows\System32\Drivers\DriverData
# makefile (from `makefile', line 196)
device = STM32f746ZG
# environment
ORIGINAL_XDG_CURRENT_DESKTOP = undefined
# environment
USERNAME = me
# envir 
onment
PUBLIC = C:\Users\Public
# environment
VSCODE_AMD_ENTRYPOINT = vs/workbench/api/node/extensionHostProcess
# environment
POWERLINE_COMMAND = oh-my-posh
# environment
VSCODE_CLI = 1
# environment
VSCODE_CODE_CACHE_PATH = C:\Users\me\AppData\Roaming\Code\CachedData\c722ca6c7eed3d7987c0d5c3df5c45f6b15e77d1
# environment
APPLICATION_INSIGHTS_NO_DIAGNOSTIC_CHANNEL = 1
# environment
COMMONPROGRAMFILES = C:\Program Files (x86)\Common Files
# environment
CONDA_PROMPT_MODIFIER = False
# makefile (from `makefile', line 69)
PREFIX = arm-none-eabi-
# environment
VSCODE_HANDLES_UNCAUGHT_ERRORS = true
# environment
USERDOMAIN = DESKTOP-SAUH1VQ
# makefile (from `makefile', line 106)
C_DEFS = -DUSE_HAL_DRIVER -DSTM32F746xx
# makefile (from `makefile', line 99)
MCU = $(CPU) -mthumb $(FPU) $(FLOAT-ABI)
# makefile (from `makefile', line 115)
C_INCLUDES = -IInc -IDrivers/STM32F7xx_HAL_Driver/Inc -IDrivers/STM32F7xx_HAL_Driver/Inc/Legacy -IDrivers/CMSIS/Device/ST/STM32F7xx/Include -IDrivers/CMSIS/Include
# default
MAKE = $( 
MAKE_COMMAND)
# default
MAKECMDGOALS := all
# environment
POSH_THEME = C:\Users\me\AppData\Local\Programs\oh-my-posh\themes\paradox.omp.json
# makefile (from `makefile', line 96)
FLOAT-ABI = -mfloat-abi=hard
# makefile (from `makefile', line 83)
HEX = $(CP) -O ihex
# makefile (from `makefile', line 78)
CC = $(PREFIX)gcc
# makefile (from `makefile', line 32)
BUILD_DIR = build
# makefile (from `makefile', line 124)
ASFLAGS = $(MCU) $(AS_DEFS) $(AS_INCLUDES) $(OPT) -Wall -fdata-sections -ffunction-sections
# d 
efault
MAKE_VERSION := 3.81
# makefile
.DEFAULT_GOAL := all
# environment
PROGRAMFILES(X86) = C:\Program Files (x86)
# automatic
%D = $(patsubst %/,%,$(dir $%))
# makefile (from `makefile', line 90)
CPU = -mcpu=cortex-m7
# makefile (from `makefile', line 93)
FPU = -mfpu=fpv5-sp-d16
# environment
LOCALAPPDATA = C:\Users\me\AppData\Local
# environment
PSMODULEPATH = C:\Users\me\Documents\PowerShell\Modules;C:\Program Files\PowerShell\Modules;c:\program files\powershell\7\Modules;C:\Program Files\WindowsPowerS 
hell\Modules;C:\Windows\system32\WindowsPowerShell\v1.0\Modules
# default
MAKE_COMMAND := make.exe
# environment
PROCESSOR_ARCHITEW6432 = AMD64
# makefile (from `makefile', line 145)
LIBDIR = 
# default
.VARIABLES := 
# automatic
*F = $(notdir $*)
# environment
PROCESSOR_IDENTIFIER = Intel64 Family 6 Model 69 Stepping 1, GenuineIntel
# environment
OS = Windows_NT
# environment
VSCODE_IPC_HOOK = \\.\pipe\9215d4f46d3405f9a4e47ad006fb9342-1.65.2-main-sock
# environment
HOMEPATH = \Users\me
# environment
COMMON 
PROGRAMFILES(X86) = C:\Program Files (x86)\Common Files
# environment
PROMPT = $P$G
# environment
MFLAGS = -Rrqp
# automatic
*D = $(patsubst %/,%,$(dir $*))
# environment
SYSTEMROOT = C:\Windows
# automatic
+D = $(patsubst %/,%,$(dir $+))
# automatic
+F = $(notdir $+)
# environment
APPDATA = C:\Users\me\AppData\Roaming
# environment
__COMPAT_LAYER = Installer
# environment
POSH_GIT_ENABLED = False
# environment
TEMP = C:\Users\me\AppData\Local\Temp
# environment
COMSPEC = C:\Windows\system32\cmd.exe
# default
MAKEFILES := 
# automatic
<F = $(notdir $<)
# environment
LC_ALL = C
# makefile (from `makefile', line 144)
LIBS = -lc -lm -lnosys 
# automatic
^F = $(notdir $^)
# makefile (from `makefile', line 38)
C_SOURCES = Src/main.c Src/gpio.c Src/stm32f7xx_it.c Src/stm32f7xx_hal_msp.c Drivers/STM32F7xx_HAL_Driver/Src/stm32f7xx_hal_cortex.c Drivers/STM32F7xx_HAL_Driver/Src/stm32f7xx_hal_tim.c Drivers/STM32F7xx_HAL_Driver/Src/stm32f7xx_hal_tim_ex.c Drivers/STM32F7xx_HAL_Driver/Src/stm32f7xx_hal_rcc.c Drivers/STM32F7xx_HAL_Driver/Src/stm32f7xx_hal_rcc_ex.c Drivers/STM32F7xx_HAL_Driver/Src/stm32f7xx_hal_flash.c Drivers/STM32F7xx_HAL_Driver/Src/stm32f7xx_hal_flash_ex.c Drivers/STM32F7xx_HAL_Driver/Src/stm32f7xx_hal_gpio.c Drivers/STM32F7xx_HAL_Driver/Src/stm32f7xx_hal_dma.c Drivers/STM32F7xx_HAL_Driver/Src/stm32f7xx_hal_dma_ex.c Drivers/STM32F7xx_HAL_Driver/Src/stm32f7xx_hal_pwr.c Drivers/STM32F7xx_HAL_Driver/Src/stm32f7xx_hal_pwr_ex.c Drivers/STM32F7xx_HAL_Driver/Src/stm32f7xx_hal.c Drivers/STM32F7xx_HAL_Driver/Src/stm32f7xx_hal_i2c.c Drivers/STM32F7xx_HAL_Driver/Src/stm32f7xx_hal_i2c_ex.c Drivers/STM32F7xx_HAL_Driver/Src/stm32f7xx_hal_exti.c Src/system_stm32f7xx.c  
# default
SUFFIXES := 
# environment
SYSTEMDRIVE = C:
# environment
PROCESSOR_REVISION = 4501
# environment
MOZ_PLUGIN_PATH = C:\Program Files (x86)\Foxit Software\Foxit Reader\plugins\
# environment
MAKELEVEL := 0
# makefile (from `makefile', line 159)
OBJECTS = $(addprefix $(BUILD_DIR)/,$(notdir $(C_SOURCES:.c=.o))) $(addprefix $(BUILD_DIR)/,$(notdir $(ASM 
_SOURCES:.s=.o)))
# environment
LANG = C
# environment
PROCESSOR_LEVEL = 6
# environment
VSCODE_PID = 9132
# environment
USERDOMAIN_ROAMINGPROFILE = DESKTOP-SAUH1VQ
# variable set hash-table stats:
# Load=124/1024=12%, Rehash=0, Collisions=14/228=6%

# Pattern-specific Variable Values

# No pattern-specific variable values.

# Directories

# C:\Users\me\AppData\Local\Microsoft\WindowsApps (key C:/Users/me/AppData/Local/Microsoft/WindowsApps, mtime 1647260578): 17 files, no impossibilities.
# C:\Program File 
s\Go\bin (key C:/Program Files/Go/bin, mtime 1647453829): 4 files, no impossibilities.
# C:\Windows\SysWOW64 (key C:/Windows/SysWOW64, mtime 1647772819): 3167 files, no impossibilities.
# C:\Program Files\qemu (key C:/Program Files/qemu, mtime 1643367696): 127 files, no impossibilities.
# C:\texlive\2019\bin\win32: could not be stat'd.
# C:\Windows\System32\WindowsPowerShell\v1.0\ (key C:/Windows/System32/WindowsPowerShell/v1.0/, mtime 1603651510): 30 files, no impossibilities.
# C:\Users\me\go\bin: could n 
ot be stat'd.
# Drivers/STM32F7xx_HAL_Driver/Src (key c:/Users/me/Documents/arm/projects/nucleo/Drivers/STM32F7xx_HAL_Driver/Src, mtime 1647843073): 18 files, no impossibilities.
# C:\Windows\System32\Wbem (key C:/Windows/System32/Wbem, mtime 1647459647): 170 files, no impossibilities.
# . (key c:/Users/me/Documents/arm/projects/nucleo, mtime 1647887622): 13 files, no impossibilities.
# C:\texlive\2014\bin\win32 (key C:/texlive/2014/bin/win32, mtime 1631560884): 430 files, no impossibilities.
# C:\Program F 
iles\PowerShell\7 (key C:/Program Files/PowerShell/7, mtime 1647875016): 478 files, no impossibilities.
# C:\Program Files (x86)\GNU Arm Embedded Toolchain\10 2021.10\bin (key C:/Program Files (x86)/GNU Arm Embedded Toolchain/10 2021.10/bin, mtime 1643365844): 35 files, no impossibilities.
# C:\Python36 (key C:/Python36, mtime 1642785768): 18 files, no impossibilities.
# C:\Users\me\Vim\vim82 (key C:/Users/me/Vim/vim82, mtime 1642795561): 61 files, no impossibilities.
# C:\Program Files\WireGuard\ (key C:/P 
rogram Files/WireGuard/, mtime 1636719841): 5 files, no impossibilities.
# build (key c:/Users/me/Documents/arm/projects/nucleo/build, mtime 1647932048): 72 files, no impossibilities.
# C:\Program Files\usbipd-win\ (key C:/Program Files/usbipd-win/, mtime 1646941187): 137 files, no impossibilities.
# C:\Users\me\Documents\arm\toolchain\make-3.81\bin (key C:/Users/me/Documents/arm/toolchain/make-3.81/bin, mtime 1647541759): 5 files, no impossibilities.
# C:\Program Files\PowerShell\7\ (key C:/Program Files/P 
owerShell/7/, mtime 1647875016): 478 files, no impossibilities.
# C:\Users\me\Documents\arm\toolchain\OpenOCD-20211118-0.11.0\bin (key C:/Users/me/Documents/arm/toolchain/OpenOCD-20211118-0.11.0/bin, mtime 1637277787): 7 files, no impossibilities.
# C:\Windows\System32\OpenSSH\: could not be stat'd.
# C:\Program Files (x86)\Common Files\Oracle\Java\javapath (key C:/Program Files (x86)/Common Files/Oracle/Java/javapath, mtime 1646514356): 5 files, no impossibilities.
# C:\Windows (key C:/Windows, mtime 16478 
42147): 117 files, no impossibilities.
# C:\Users\me\Documents\arm\toolchain\git\bin (key C:/Users/me/Documents/arm/toolchain/git/bin, mtime 1643735591): 5 files, no impossibilities so far.
# C:\Users\me\AppData\Local\Programs\Microsoft VS Code\bin (key C:/Users/me/AppData/Local/Programs/Microsoft VS Code/bin, mtime 1647098172): 4 files, no impossibilities.
# Src (key c:/Users/me/Documents/arm/projects/nucleo/Src, mtime 1647843968): 7 files, no impossibilities.
# C:\Users\me\AppData\Roaming\xpack-openocd-0. 
11.0-3-win32-x64\xpack-openocd-0.11.0-3\bin: could not be stat'd.
# C:\Program Files\Git\cmd (key C:/Program Files/Git/cmd, mtime 1638471230): 8 files, no impossibilities.
# C:\Windows\system32 (key C:/Windows/system32, mtime 1647883091): 3167 files, no impossibilities.
# C:\Users\me\AppData\Local\Programs\oh-my-posh\bin (key C:/Users/me/AppData/Local/Programs/oh-my-posh/bin, mtime 1641665817): 3 files, no impossibilities.
# C:\Users\me\.cargo\bin (key C:/Users/me/.cargo/bin, mtime 1643365158): 34 files, no 
 impossibilities.
# C:\Program Files\CMake\bin (key C:/Program Files/CMake/bin, mtime 1647715281): 7 files, no impossibilities.
# C:\Users\me\AppData\Local\Programs\oh-my-posh\themes (key C:/Users/me/AppData/Local/Programs/oh-my-posh/themes, mtime 1641665818): 78 files, no impossibilities.

# 8707 files, no impossibilities in 34 directories.

# Implicit Rules

build/%.o: %.c Makefile | build
#  commands to execute (from `makefile', line 163):
	$(CC) -c $(CFLAGS) -Wa,-a,-ad,-alms=$(BUILD_DIR)/$(notdir $(<:.c=.lst)) $< -o $@
	

build/%.o: %.s Makefile | build
#  commands to execute (from `makefile', line 166):
	$(AS) -c $(CFLAGS) $< -o $@
	

build/%.hex: build/%.elf | build
#  commands to execute (from `makefile', line 173):
	$(HEX) $< $@
	

build/%.bin: build/%.elf | build
#  commands to execute (from `makefile', line 176):
	$(BIN) $< $@	
	

# 4 implicit rules, 0 (0.0%) terminal.

# Files

build/stm32f7xx_hal_flash_ex.o: Drivers/STM32F7xx_HAL_Driver/Src/stm32f7xx_hal_flash_ex.c makefile Drivers/STM32F7xx_HAL_Driver/Src/stm32f7xx_hal_flash_ex.c Drivers/STM32F7xx_HAL_Driver/Inc/stm32f7xx_hal.h Inc/stm32f7xx_hal_conf.h Drivers/STM32F7xx_HAL_Driver/Inc/stm32f7xx_hal_rcc.h Drivers/STM32F7xx_HAL_Driver/Inc/stm32f7xx_hal_def.h Drivers/CMSIS/Device/ST/STM32F7xx/Include/stm32f7xx.h Drivers/CMSIS/Device/ST/STM32F7xx/Include/stm32f746xx.h Drivers/CMSIS/Include/core_cm7.h Drivers/CMSIS/Include/cmsis_version.h Drivers/CMSIS/Include/cmsis_compiler.h Drivers/CMSIS/Include/cmsis_gcc.h Drivers/CMSIS/Include/mpu_armv7.h Drivers/CMSIS/Device/ST/STM32F7xx/Include/system_stm32f7xx.h Drivers/STM32F7xx_HAL_Driver/Inc/Legacy/stm32_hal_legacy.h Drivers/STM32F7xx_HAL_Driver/Inc/stm32f7xx_hal_rcc_ex.h Drivers/STM32F7xx_HAL_Driver/Inc/stm32f7xx_hal_exti.h Drivers/STM32F7xx_HAL_Driver/Inc/stm32f7xx_hal_gpio.h Drivers/STM32F7xx_HAL_Driver/Inc/stm32f7xx_hal_gpio_ex.h Drivers/STM32F7xx_HAL_Driver/Inc/stm32f7xx_hal_dma.h Drivers/STM32F7xx_HAL_Driver/Inc/stm32f7xx_hal_dma_ex.h Drivers/STM32F7xx_HAL_Driver/Inc/stm32f7xx_hal_cortex.h Drivers/STM32F7 
xx_HAL_Driver/Inc/stm32f7xx_hal_flash.h Drivers/STM32F7xx_HAL_Driver/Inc/stm32f7xx_hal_flash_ex.h Drivers/STM32F7xx_HAL_Driver/Inc/stm32f7xx_hal_i2c.h Drivers/STM32F7xx_HAL_Driver/Inc/stm32f7xx_hal_i2c_ex.h Drivers/STM32F7xx_HAL_Driver/Inc/stm32f7xx_hal_pwr.h Drivers/STM32F7xx_HAL_Driver/Inc/stm32f7xx_hal_pwr_ex.h | build
#  Implicit rule search has been done.
#  Implicit/static pattern stem: `stm32f7xx_hal_flash_ex'
#  Last modified 2022-03-21 22:03:46
#  File has been updated.
#  Successfully updated.
# v 
ariable set hash-table stats:
# Load=0/32=0%, Rehash=0, Collisions=0/0=0%
#  commands to execute (from `makefile', line 163):
	$(CC) -c $(CFLAGS) -Wa,-a,-ad,-alms=$(BUILD_DIR)/$(notdir $(<:.c=.lst)) $< -o $@
	

Drivers/STM32F7xx_HAL_Driver/Inc/stm32f7xx_hal_rcc.h:
#  Implicit rule search has been done.
#  Last modified 2022-03-20 11:20:20
#  File has been updated.
#  Successfully updated.
# variable set hash-table stats:
# Load=0/32=0%, Rehash=0, Collisions=0/0=0%

# Not a target:
Drivers/STM32F7xx_HAL_Driv 
er/Src/stm32f7xx_hal_cortex.c:
#  Implicit rule search has been done.
#  Last modified 2022-03-20 11:20:20
#  File has been updated.
#  Successfully updated.
# variable set hash-table stats:
# Load=0/32=0%, Rehash=0, Collisions=0/0=0%

# Not a target:
build/gpio.d:
#  A default, MAKEFILES, or -include/sinclude makefile.
#  Implicit rule search has been done.
#  Last modified 2022-03-21 22:03:43
#  File has been updated.
#  Successfully updated.
# variable set hash-table stats:
# Load=0/32=0%, Rehash=0, Coll 
isions=0/0=0%

# Not a target:
build/stm32f7xx_it.d:
#  A default, MAKEFILES, or -include/sinclude makefile.
#  Implicit rule search has been done.
#  Last modified 2022-03-21 22:03:43
#  File has been updated.
#  Successfully updated.
# variable set hash-table stats:
# Load=0/32=0%, Rehash=0, Collisions=0/0=0%

build/stm32f7xx_hal_dma_ex.o: Drivers/STM32F7xx_HAL_Driver/Src/stm32f7xx_hal_dma_ex.c makefile Drivers/STM32F7xx_HAL_Driver/Src/stm32f7xx_hal_dma_ex.c Drivers/STM32F7xx_HAL_Driver/Inc/stm32f7xx_hal.h Inc/stm32f7xx_hal_conf.h Drivers/STM32F7xx_HAL_Driver/Inc/stm32f7xx_hal_rcc.h Drivers/STM32F7xx_HAL_Driver/Inc/stm32f7xx_hal_def.h Drivers/CMSIS/Device/ST/STM32F7xx/Include/stm32f7xx.h Drivers/CMSIS/Device/ST/STM32F7xx/Include/stm32f746xx.h Drivers/CMSIS/Include/core_cm7.h Drivers/CMSIS/Include/cmsis_version.h Drivers/CMSIS/Include/cmsis_compiler.h Drivers/CMSIS/Include/cmsis_gcc.h Drivers/CMSIS/Include/mpu_armv7.h Drivers/CMSIS/Device/ST/STM32F7xx/Include/system_stm32f7xx.h Drivers/STM32F7xx_HAL_Driver/Inc/Legacy/stm32_hal_legacy.h Drivers/STM32F7xx_HAL_Driver/Inc/stm32f7xx_hal_rcc_ex.h Drivers/STM32F7xx_HAL_Driver/Inc/stm32f7xx_hal_exti.h Drivers/STM32F7xx_HAL_Driver/Inc/stm32f7xx_hal_gpio.h Drivers/STM32F7xx_HAL_Driver/Inc/stm32f7xx_hal_gpio_ex.h Drivers/STM32F7xx_HAL_Driver/Inc/stm32f7xx_hal_dma.h Drivers/STM32F7xx_HAL_Driver/Inc/stm32f7xx_hal_dma_ex.h Drivers/STM32F7xx_HAL_Driver/Inc/stm32f7xx_hal_cortex.h Drivers/STM32F7xx_HAL_Driver/Inc/stm32f7xx_hal_flash.h Drivers/STM32F7xx_HAL_Driver/Inc/stm32f7xx 
_hal_flash_ex.h Drivers/STM32F7xx_HAL_Driver/Inc/stm32f7xx_hal_i2c.h Drivers/STM32F7xx_HAL_Driver/Inc/stm32f7xx_hal_i2c_ex.h Drivers/STM32F7xx_HAL_Driver/Inc/stm32f7xx_hal_pwr.h Drivers/STM32F7xx_HAL_Driver/Inc/stm32f7xx_hal_pwr_ex.h | build
#  Implicit rule search has been done.
#  Implicit/static pattern stem: `stm32f7xx_hal_dma_ex'
#  Last modified 2022-03-21 22:03:47
#  File has been updated.
#  Successfully updated.
# variable set hash-table stats:
# Load=0/32=0%, Rehash=0, Collisions=0/0=0%
#  commands to execute (from `makefile', line 163):
	$(CC) -c $(CFLAGS) -Wa,-a,-ad,-alms=$(BUILD_DIR)/$(notdir $(<:.c=.lst)) $< -o $@
	

# Not a target:
Drivers/STM32F7xx_HAL_Driver/Src/stm32f7xx_hal_flash_ex.c:
#  Implicit rule search has been done.
#  Last modified 2022-03-20 11:20:20
#  File has been updated.
#  Successfully updated.
# variable set hash-table stats:
# Load=0/32=0%, Rehash=0, Collisions=0/0=0%

build/main.o: Src/main.c makefile Src/main.c Inc/main.h Drivers/STM32F7xx_HAL_Driver/Inc/stm32f7xx_hal.h Inc/stm32f7xx_hal_conf.h Drivers/STM32F7xx_HAL_Driver/Inc/stm32f7xx_hal_rcc.h Drivers/STM32F7xx_HAL_Driver/Inc/stm32f7xx_hal_def.h Drivers/CMSIS/Device/ST/STM32F7xx/Include/stm32f7xx.h Drivers/CMSIS/Device/ST/STM32F7xx/Include/stm32f746xx.h Drivers/CMSIS/Include/core_cm7.h Drivers/CMSIS/Include/cmsis_version.h Drivers/CMSIS/Include/cmsis_compiler.h Drivers/CMSIS/Include/cmsis_gcc.h Drivers/CMSIS/Include/mpu_armv7.h Drivers/CMSIS/Device/ST/STM32F7xx/Include/system_stm32f7xx.h Drivers/STM32F7xx_HAL_Driver/Inc/Legacy/stm32_hal_legacy.h Drivers/STM32F7xx_HAL_Driver/Inc/stm32f7xx_hal_rcc_ex.h Drivers/STM32F7xx_HAL_Driver/Inc/stm32f7xx_hal_exti.h Drivers/STM32F7xx_HAL_Driver/Inc/stm32f7xx_hal_gpio.h Drivers/STM32F7xx_HAL_Driver/Inc/stm32f7xx_hal_gpio_ex.h Drivers/STM32F7xx_HAL_Driver/Inc/stm32f7xx_hal_dma.h Drivers/STM32F7xx_HAL_Driver/Inc/stm32f7xx_hal_dma_ex.h Drivers/STM32F7xx_HAL_Driver/Inc/stm32f7xx_hal_cortex.h Drivers/STM32F7xx_HAL_Driver/Inc/stm32f7xx_hal_flash.h Drivers/STM32F7xx_HAL_Driver/Inc/stm32f7xx_h 
al_flash_ex.h Drivers/STM32F7xx_HAL_Driver/Inc/stm32f7xx_hal_i2c.h Drivers/STM32F7xx_HAL_Driver/Inc/stm32f7xx_hal_i2c_ex.h Drivers/STM32F7xx_HAL_Driver/Inc/stm32f7xx_hal_pwr.h Drivers/STM32F7xx_HAL_Driver/Inc/stm32f7xx_hal_pwr_ex.h Inc/gpio.h Inc/main.h | build
#  Implicit rule search has been done.
#  Implicit/static pattern stem: `main'
#  Last modified 2022-03-22 11:23:59
#  File has been updated.
#  Successfully updated.
# variable set hash-table stats:
# Load=0/32=0%, Rehash=0, Collisions=0/0=0%
#  com 
mands to execute (from `makefile', line 163):
	$(CC) -c $(CFLAGS) -Wa,-a,-ad,-alms=$(BUILD_DIR)/$(notdir $(<:.c=.lst)) $< -o $@
	

Drivers/STM32F7xx_HAL_Driver/Inc/stm32f7xx_hal_exti.h:
#  Implicit rule search has been done.
#  Last modified 2022-03-20 11:20:20
#  File has been updated.
#  Successfully updated.
# variable set hash-table stats:
# Load=0/32=0%, Rehash=0, Collisions=0/0=0%

build/nucleo.hex: build/nucleo.elf | build
#  Implicit rule search has been done.
#  Implicit/static pattern stem: `nucle 
o'
#  Last modified 2022-03-22 11:24:08
#  File has been updated.
#  Successfully updated.
# variable set hash-table stats:
# Load=0/32=0%, Rehash=0, Collisions=0/0=0%
#  commands to execute (from `makefile', line 173):
	$(HEX) $< $@
	

all: build/nucleo.elf build/nucleo.hex build/nucleo.bin
#  Command-line target.
#  Implicit rule search has been done.
#  File does not exist.
#  File has been updated.
#  Successfully updated.
# variable set hash-table stats:
# Load=0/32=0%, Rehash=0, Collisions=0/0=0%

# N 
ot a target:
Drivers/STM32F7xx_HAL_Driver/Src/stm32f7xx_hal_dma_ex.c:
#  Implicit rule search has been done.
#  Last modified 2022-03-20 11:20:20
#  File has been updated.
#  Successfully updated.
# variable set hash-table stats:
# Load=0/32=0%, Rehash=0, Collisions=0/0=0%

# Not a target:
build/stm32f7xx_hal_rcc_ex.d:
#  A default, MAKEFILES, or -include/sinclude makefile.
#  Implicit rule search has been done.
#  Last modified 2022-03-21 22:03:45
#  File has been updated.
#  Successfully updated.
# variable set hash-table stats:
# Load=0/32=0%, Rehash=0, Collisions=0/0=0%

build/stm32f7xx_hal_msp.o: Src/stm32f7xx_hal_msp.c makefile Src/stm32f7xx_hal_msp.c Inc/main.h Drivers/STM32F7xx_HAL_Driver/Inc/stm32f7xx_hal.h Inc/stm32f7xx_hal_conf.h Drivers/STM32F7xx_HAL_Driver/Inc/stm32f7xx_hal_rcc.h Drivers/STM32F7xx_HAL_Driver/Inc/stm32f7xx_hal_def.h Drivers/CMSIS/Device/ST/STM32F7xx/Include/stm32f7xx.h Drivers/CMSIS/Device/ST/STM32F7xx/Include/stm32f746xx.h Drivers/CMSIS/Include/core_cm7.h Drivers/CMSIS/Include/cmsis_version.h Drivers/CMSIS/Include/cmsis_compiler.h Drivers/CMSIS/Include/cmsis_gcc.h Drivers/CMSIS/Include/mpu_armv7.h Drivers/CMSIS/Device/ST/STM32F7xx/Include/system_stm32f7xx.h Drivers/STM32F7xx_HAL_Driver/Inc/Legacy/stm32_hal_legacy.h Drivers/STM32F7xx_HAL_Driver/Inc/stm32f7xx_hal_rcc_ex.h Drivers/STM32F7xx_HAL_Driver/Inc/stm32f7xx_hal_exti.h Drivers/STM32F7xx_HAL_Driver/Inc/stm32f7xx_hal_gpio.h Drivers/STM32F7xx_HAL_Driver/Inc/stm32f7xx_hal_gpio_ex.h Drivers/STM32F7xx_HAL_Driver/Inc/stm32f7xx_hal_dma 
.h Drivers/STM32F7xx_HAL_Driver/Inc/stm32f7xx_hal_dma_ex.h Drivers/STM32F7xx_HAL_Driver/Inc/stm32f7xx_hal_cortex.h Drivers/STM32F7xx_HAL_Driver/Inc/stm32f7xx_hal_flash.h Drivers/STM32F7xx_HAL_Driver/Inc/stm32f7xx_hal_flash_ex.h Drivers/STM32F7xx_HAL_Driver/Inc/stm32f7xx_hal_i2c.h Drivers/STM32F7xx_HAL_Driver/Inc/stm32f7xx_hal_i2c_ex.h Drivers/STM32F7xx_HAL_Driver/Inc/stm32f7xx_hal_pwr.h Drivers/STM32F7xx_HAL_Driver/Inc/stm32f7xx_hal_pwr_ex.h | build
#  Implicit rule search has been done.
#  Implicit/static pattern stem: `stm32f7xx_hal_msp'
#  Last modified 2022-03-21 22:03:43
#  File has been updated.
#  Successfully updated.
# variable set hash-table stats:
# Load=0/32=0%, Rehash=0, Collisions=0/0=0%
#  commands to execute (from `makefile', line 163):
	$(CC) -c $(CFLAGS) -Wa,-a,-ad,-alms=$(BUILD_DIR)/$(notdir $(<:.c=.lst)) $< -o $@
	

build/stm32f7xx_hal_gpio.o: Drivers/STM32F7xx_HAL_Driver/Src/stm32f7xx_hal_gpio.c makefile Drivers/STM32F7xx_HAL_Driver/Src/stm32f7xx_hal_gpio.c Drivers/STM32F7xx_HAL_Driver/Inc/stm32f7xx_hal.h Inc/stm32f7xx_hal_conf.h Drivers/STM32F7xx_HAL_Driver/Inc/stm32f7xx_hal_rcc.h Drivers/STM32F7xx_HAL_Driver/Inc/stm32f7xx_hal_def.h Drivers/CMSIS/Device/ST/STM32F7xx/Include/stm32f7xx.h Drivers/CMSIS/Device/ST/STM32F7xx/Include/stm32f746xx.h Drivers/CMSIS/Include/core_cm7.h Drivers/CMSIS/Include/cmsis_version.h Drivers/CMSIS/Include/cmsis_compiler.h Drivers/CMSIS/Include/cmsis_gcc.h Drivers/CMSIS/Include/mpu_armv7.h Drivers/CMSIS/Device/ST/STM32F7xx/Include/system_stm32f7xx.h Drivers/STM32F7xx_HAL_Driver/Inc/Legacy/stm32_hal_legacy.h Drivers/STM32F7xx_HAL_Driver/Inc/stm32f7xx_hal_rcc_ex.h Drivers/STM32F7xx_HAL_Driver/Inc/stm32f7xx_hal_exti.h Drivers/STM32F7xx_HAL_Driver/Inc/stm32f7xx_hal_gpio.h Drivers/STM32F7xx_HAL_Driver/Inc/stm32f7xx_hal_gpio_ex.h Drivers/STM32F7xx_HAL_Driver/Inc/stm32f7xx_hal_dma.h Drivers/STM32F7xx_HAL_Driver/Inc/stm32f7xx_hal_dma_ex.h Drivers/STM32F7xx_HAL_Driver/Inc/stm32f7xx_hal_cortex.h Drivers/STM32F7xx_HAL_Driver/Inc/stm32f7xx_hal_flash.h Drivers/STM32F7xx_HAL_Driv 
er/Inc/stm32f7xx_hal_flash_ex.h Drivers/STM32F7xx_HAL_Driver/Inc/stm32f7xx_hal_i2c.h Drivers/STM32F7xx_HAL_Driver/Inc/stm32f7xx_hal_i2c_ex.h Drivers/STM32F7xx_HAL_Driver/Inc/stm32f7xx_hal_pwr.h Drivers/STM32F7xx_HAL_Driver/Inc/stm32f7xx_hal_pwr_ex.h | build
#  Implicit rule search has been done.
#  Implicit/static pattern stem: `stm32f7xx_hal_gpio'
#  Last modified 2022-03-21 22:03:46
#  File has been updated.
#  Successfully updated.
# variable set hash-table stats:
# Load=0/32=0%, Rehash=0, Collisions=0/0=0%
#  commands to execute (from `makefile', line 163):
	$(CC) -c $(CFLAGS) -Wa,-a,-ad,-alms=$(BUILD_DIR)/$(notdir $(<:.c=.lst)) $< -o $@
	

build/stm32f7xx_hal.o: Drivers/STM32F7xx_HAL_Driver/Src/stm32f7xx_hal.c makefile Drivers/STM32F7xx_HAL_Driver/Src/stm32f7xx_hal.c Drivers/STM32F7xx_HAL_Driver/Inc/stm32f7xx_hal.h Inc/stm32f7xx_hal_conf.h Drivers/STM32F7xx_HAL_Driver/Inc/stm32f7xx_hal_rcc.h Drivers/STM32F7xx_HAL_Driver/Inc/stm32f7xx_hal_def.h Drivers/CMSIS/Device/ST/STM32F7xx/Include/stm32f7xx.h Drivers/CMSIS/Device/ST/STM32F7xx/Include/stm32f746xx.h Drivers/CMSIS/Include/core_cm7.h Drivers/CMSIS/Include/cmsis_version.h Drivers/CMSIS/Include/cmsis_compiler.h Drivers/CMSIS/Include/cmsis_gcc.h Drivers/CMSIS/Include/mpu_armv7.h Drivers/CMSIS/Device/ST/STM32F7xx/Include/system_stm32f7xx.h Drivers/STM32F7xx_HAL_Driver/Inc/Legacy/stm32_hal_legacy.h Drivers/STM32F7xx_HAL_Driver/Inc/stm32f7xx_hal_rcc_ex.h Drivers/STM32F7xx_HAL_Driver/Inc/stm32f7xx_hal_exti.h Drivers/STM32F7xx_HAL_Driver/Inc/stm32f7xx_hal_gpio.h Drivers/STM32F7xx_HAL_Driver/Inc/stm32f7xx_hal_gpio_ex.h Drivers/STM32F7xx_HAL_Driver/Inc/stm32f7xx_hal_dma.h Drivers/STM32F7xx_HAL_Driver/Inc/stm32f7xx_hal_dma_ex.h Drivers/STM32F7xx_HAL_Driver/Inc/stm32f7xx_hal_cortex.h Drivers/STM32F7xx_HAL_Driver/Inc/stm32f7xx_hal_flash.h Drivers/STM32F7xx_HAL_Driver/Inc/stm32f7xx_hal_flash_ex.h Drivers/STM32F7xx_HAL_Driver/Inc/stm32f7xx_hal_i2c.h Drivers/STM32F7xx_HAL_Driver/Inc/stm32f7xx_hal_i2c_ex.h Drivers/STM32F7xx_HAL_Driver/Inc/stm32f7xx_hal_pwr.h Drivers/STM32F7xx_HAL_Driver/Inc/stm32f7xx_hal_pwr_ex.h | build
#  Implicit rule search has been done.
#  Implicit/static pattern stem: `stm32f7xx_hal'
#  Last modified 2022-03-21 22:03:48
#  File has been updated.
#  Successfully updated.
# variable set hash-table stats:
# Load=0/32=0%, Rehash=0, Collisions=0/0=0%
#  commands to execute (from `makefile', line 163):
	$(CC) -c $(CFLAGS) -Wa,-a,-ad,-alms=$(BUILD_DIR)/$(notdir $(<:.c=.lst)) $< -o $@
	

# Not a target:
build/stm32f7xx_hal_i2c.d:
#  A default, MAKEFILES, or -in 
clude/sinclude makefile.
#  Implicit rule search has been done.
#  Last modified 2022-03-21 22:03:49
#  File has been updated.
#  Successfully updated.
# variable set hash-table stats:
# Load=0/32=0%, Rehash=0, Collisions=0/0=0%

# Not a target:
Drivers/STM32F7xx_HAL_Driver/Src/stm32f7xx_hal_gpio.c:
#  Implicit rule search has been done.
#  Last modified 2022-03-20 11:20:20
#  File has been updated.
#  Successfully updated.
# variable set hash-table stats:
# Load=0/32=0%, Rehash=0, Collisions=0/0=0%

Inc/ma 
in.h:
#  Implicit rule search has been done.
#  Last modified 2022-03-21 09:41:11
#  File has been updated.
#  Successfully updated.
# variable set hash-table stats:
# Load=0/32=0%, Rehash=0, Collisions=0/0=0%

Drivers/STM32F7xx_HAL_Driver/Inc/stm32f7xx_hal_gpio_ex.h:
#  Implicit rule search has been done.
#  Last modified 2022-03-20 11:20:20
#  File has been updated.
#  Successfully updated.
# variable set hash-table stats:
# Load=0/32=0%, Rehash=0, Collisions=0/0=0%

# Not a target:
.DEFAULT:
#  Implicit  
rule search has not been done.
#  Modification time never checked.
#  File has not been updated.

# Not a target:
Drivers/STM32F7xx_HAL_Driver/Src/stm32f7xx_hal.c:
#  Implicit rule search has been done.
#  Last modified 2022-03-20 11:20:20
#  File has been updated.
#  Successfully updated.
# variable set hash-table stats:
# Load=0/32=0%, Rehash=0, Collisions=0/0=0%

build/nucleo.bin: build/nucleo.elf | build
#  Implicit rule search has been done.
#  Implicit/static pattern stem: `nucleo'
#  Last modified 20 
22-03-22 11:24:01
#  File has been updated.
#  Successfully updated.
# variable set hash-table stats:
# Load=0/32=0%, Rehash=0, Collisions=0/0=0%
#  commands to execute (from `makefile', line 176):
	$(BIN) $< $@	
	

# Not a target:
Drivers/STM32F7xx_HAL_Driver/Src/stm32f7xx_hal_rcc.c:
#  Implicit rule search has been done.
#  Last modified 2022-03-20 11:20:20
#  File has been updated.
#  Successfully updated.
# variable set hash-table stats:
# Load=0/32=0%, Rehash=0, Collisions=0/0=0%

build/stm32f7xx_hal_exti.o: Drivers/STM32F7xx_HAL_Driver/Src/stm32f7xx_hal_exti.c makefile Drivers/STM32F7xx_HAL_Driver/Src/stm32f7xx_hal_exti.c Drivers/STM32F7xx_HAL_Driver/Inc/stm32f7xx_hal.h Inc/stm32f7xx_hal_conf.h Drivers/STM32F7xx_HAL_Driver/Inc/stm32f7xx_hal_rcc.h Drivers/STM32F7xx_HAL_Driver/Inc/stm32f7xx_hal_def.h Drivers/CMSIS/Device/ST/STM32F7xx/Include/stm32f7xx.h Drivers/CMSIS/Device/ST/STM32F7xx/Include/stm32f746xx.h Drivers/CMSIS/Include/core_cm7.h Drivers/CMSIS/Include/cmsis_version.h Drivers/CMSIS/Include/cmsis_compiler.h Drivers/CMSIS/Include/cmsis_gcc.h Drivers/CMSIS/Include/mpu_armv7.h Drivers/CMSIS/Device/ST/STM32F7xx/Include/system_stm32f7xx.h Drivers/STM32F7xx_HAL_Driver/Inc/Legacy/stm32_hal_legacy.h Drivers/STM32F7xx_HAL_Driver/Inc/stm32f7xx_hal_rcc_ex.h Drivers/STM32F7xx_HAL_Driver/Inc/stm32f7xx_hal_exti.h Drivers/STM32F7xx_HAL_Driver/Inc/stm32f7xx_hal_gpio.h Drivers/STM32F7xx_HAL_Driver/Inc/stm32f7xx_hal_gpio_ex.h Drivers/STM32F7xx_HAL_Driver/Inc/stm32f7xx_hal_dma.h Drivers/STM32F7xx_HAL_Driver/Inc/stm32f7xx_hal_dma_ex.h Drivers/STM32F7xx_HAL_Driver/Inc/stm32f7xx_hal_cortex.h Drivers/STM32F7xx_HAL_Driver/Inc/stm32f7xx_hal_flash.h Drivers/STM32F7xx_HAL_Driver/Inc/stm32f7xx_hal_flash_ex.h Drivers/STM32F7xx_HAL_Driver/Inc/stm32f7xx_hal_i2c.h Drivers/STM32F7xx_HAL_Driver/Inc/stm32f7xx_hal_i2c_ex.h Drivers/STM32F7xx_HAL_Driver/Inc/stm32f7xx_hal_pwr.h Drivers/STM32F7xx_HAL_Driver/Inc/stm32f7xx_hal_pwr_ex.h | build
#  Implicit rule search has been done.
#  Implicit/static pattern stem: `stm32f7xx_hal_exti'
#  Las 
t modified 2022-03-21 22:03:48
#  File has been updated.
#  Successfully updated.
# variable set hash-table stats:
# Load=0/32=0%, Rehash=0, Collisions=0/0=0%
#  commands to execute (from `makefile', line 163):
	$(CC) -c $(CFLAGS) -Wa,-a,-ad,-alms=$(BUILD_DIR)/$(notdir $(<:.c=.lst)) $< -o $@
	

Drivers/STM32F7xx_HAL_Driver/Inc/stm32f7xx_hal_rcc_ex.h:
#  Implicit rule search has been done.
#  Last modified 2022-03-20 11:20:20
#  File has been updated.
#  Successfully updated.
# variable set hash-table stats:
# Load=0/32=0%, Rehash=0, Collisions=0/0=0%

build/nucleo.elf: build/main.o build/gpio.o build/stm32f7xx_it.o build/stm32f7xx_hal_msp.o build/stm32f7xx_hal_cortex.o build/stm32f7xx_hal_tim.o build/stm32f7xx_hal_tim_ex.o build/stm32f7xx_hal_rcc.o build/stm32f7xx_hal_rcc_ex.o build/stm32f7xx_hal_flash.o build/stm32f7xx_hal_flash_ex.o build/stm32f7xx_hal_gpio.o build/stm32f7xx_hal_dma.o build/stm32f7xx_hal_dma_ex.o build/stm32f7xx_hal_pwr.o build/stm32f7xx_hal_pwr_ex.o build/stm32f7xx_hal.o build/stm32f7xx_ha 
l_i2c.o build/stm32f7xx_hal_i2c_ex.o build/stm32f7xx_hal_exti.o build/system_stm32f7xx.o build/startup_stm32f746xx.o makefile
#  Implicit rule search has not been done.
#  Last modified 2022-03-22 11:24:00
#  File has been updated.
#  Successfully updated.
# variable set hash-table stats:
# Load=0/32=0%, Rehash=0, Collisions=0/0=0%
#  commands to execute (from `makefile', line 169):
	$(CC) $(OBJECTS) $(LDFLAGS) -o $@
	$(SZ) $@
	

Drivers/STM32F7xx_HAL_Driver/Inc/Legacy/stm32_hal_legacy.h:
#  Implicit rule search has been done.
#  Last modified 2022-03-20 11:20:20
#  File has been updated.
#  Successfully updated.
# variable set hash-table stats:
# Load=0/32=0%, Rehash=0, Collisions=0/0=0%

build/system_stm32f7xx.o: Src/system_stm32f7xx.c makefile Src/system_stm32f7xx.c Drivers/CMSIS/Device/ST/STM32F7xx/Include/stm32f7xx.h Drivers/CMSIS/Device/ST/STM32F7xx/Include/stm32f746xx.h Drivers/CMSIS/Include/core_cm7.h Drivers/CMSIS/Include/cmsis_version.h Drivers/CMSIS/Include/cmsis_compiler.h Drivers/CMSIS/Include/cmsis_gcc.h Drivers/CMSIS/Include/mpu_armv7.h Drivers/CMSIS/Device/ST/STM32F7xx/Include/system_stm32f7xx.h Drivers/STM32F7xx_HAL_Driver/Inc/stm32f7xx_hal.h Inc/stm32f7xx_hal_conf.h Drivers/STM32F7xx_HAL_Driver/Inc/stm32f7xx_hal_rcc.h Drivers/STM32F7xx_HAL_Driver/Inc/stm32f7xx_hal_def.h Drivers/STM32F7xx_HAL_Driver/Inc/Legacy/stm32_hal_legacy.h Drivers/STM32F7xx_HAL_Driver/Inc/stm32f7xx_hal_rcc_ex.h Drivers/STM32F7xx_HAL_Driver/Inc/stm32f7xx_hal_exti.h Drivers/STM32F7xx_HAL_Driver/Inc/stm32f7xx_hal_gpio.h Drivers/STM32F7xx_HAL_Driver/Inc/stm32f7xx_hal_gpio_ex.h Drivers/STM32F7xx_HAL_Driver/Inc/stm32f7xx_hal_dma.h Drivers/STM32F7xx_HAL_Driver/Inc/stm32f7xx_hal_dma_ex.h Drivers/STM32F7xx_HAL_Driver/Inc/stm32f7xx_hal_cortex.h Drivers/STM32F7xx_HAL_Driver/Inc/stm32f7xx_hal_flash.h Drivers/STM32F7xx_HAL_Driver/Inc/stm32f7xx_hal_flash_ex.h Drivers/STM32F7xx_HAL_Driver/Inc/stm32f7xx_hal_i2c.h Drivers/STM32F7xx_HAL_Driver/Inc/stm32f7xx_hal_i2c_ex.h Drivers/STM32F7xx_HAL_Driver/Inc/stm32f7xx_hal_pwr.h Drivers/STM32F7xx_H 
AL_Driver/Inc/stm32f7xx_hal_pwr_ex.h | build
#  Implicit rule search has been done.
#  Implicit/static pattern stem: `system_stm32f7xx'
#  Last modified 2022-03-21 22:03:49
#  File has been updated.
#  Successfully updated.
# variable set hash-table stats:
# Load=0/32=0%, Rehash=0, Collisions=0/0=0%
#  commands to execute (from `makefile', line 163):
	$(CC) -c $(CFLAGS) -Wa,-a,-ad,-alms=$(BUILD_DIR)/$(notdir $(<:.c=.lst)) $< -o $@
	

# Not a target:
Drivers/STM32F7xx_HAL_Driver/Src/stm32f7xx_hal_exti.c:
#   
Implicit rule search has been done.
#  Last modified 2022-03-20 11:20:20
#  File has been updated.
#  Successfully updated.
# variable set hash-table stats:
# Load=0/32=0%, Rehash=0, Collisions=0/0=0%

Drivers/CMSIS/Device/ST/STM32F7xx/Include/system_stm32f7xx.h:
#  Implicit rule search has been done.
#  Last modified 2022-03-20 11:20:20
#  File has been updated.
#  Successfully updated.
# variable set hash-table stats:
# Load=0/32=0%, Rehash=0, Collisions=0/0=0%

build/gpio.o: Src/gpio.c makefile Src/gpio.c Inc/gpio.h Inc/main.h Drivers/STM32F7xx_HAL_Driver/Inc/stm32f7xx_hal.h Inc/stm32f7xx_hal_conf.h Drivers/STM32F7xx_HAL_Driver/Inc/stm32f7xx_hal_rcc.h Drivers/STM32F7xx_HAL_Driver/Inc/stm32f7xx_hal_def.h Drivers/CMSIS/Device/ST/STM32F7xx/Include/stm32f7xx.h Drivers/CMSIS/Device/ST/STM32F7xx/Include/stm32f746xx.h Drivers/CMSIS/Include/core_cm7.h Drivers/CMSIS/Include/cmsis_version.h Drivers/CMSIS/Include/cmsis_compiler.h Drivers/CMSIS/Include/cmsis_gcc.h Drivers/CMSIS/Include/mpu_armv7.h Drivers/CMSIS/Device/ST/STM32F7xx/Include/system_stm32f7xx.h Drivers/STM32F7xx_HAL_Driver/Inc/Legacy/stm32_hal_legacy.h Drivers/STM32F7xx_HAL_Driver/Inc/stm32f7xx_hal_rcc_ex.h Drivers/STM32F7xx_HAL_Driver/Inc/stm32f7xx_hal_exti.h Drivers/STM32F7xx_HAL_Driver/Inc/stm32f7xx_hal_gpio.h Drivers/STM32F7xx_HAL_Driver/Inc/stm32f7xx_hal_gpio_ex.h Drivers/STM32F7xx_HAL_Driver/Inc/stm32f7xx_hal_dma.h Drivers/STM32F7xx_HAL_Driver/Inc/stm32f7xx_hal_dma_ex.h Drivers/STM32F7xx_HAL_Driver/Inc/stm32f7xx_hal_cortex.h Drivers/STM32F7xx_HAL_Driver/Inc/stm32f7xx_hal_flash.h Drivers/STM32F7xx_HAL_Driver/Inc/stm32f7xx_hal_flash_ex.h Drivers/STM32F7xx_HAL_Driver/Inc/stm32f7xx_hal_i2c.h Drivers/STM32F7xx_HAL_Driver/Inc/stm32f7xx_hal_i2c_ex.h Drivers/STM32F7xx_HAL_Driver/Inc/stm32f7xx_hal_pwr.h Drivers/STM32F7xx_HAL_Driver/Inc/stm32f7xx_hal_pwr_ex.h | build
#  Implicit rule search has been done.
#  Implicit/static pattern stem: `gpio'
#  Last modified 2022-03-21 22:03:43
#  File has been updated.
#  Successfully updated.
# variable set hash-table stats:
# Load=0/32=0%, Rehash=0, Collisions=0/0=0%
#  commands to execute (from `makefile', line 163):
	$(CC) -c $(CFLAGS) -Wa,-a,-ad,-alms=$(BUILD_DIR)/$(notdir $(<:.c=.lst)) $< -o $@
	

build/stm32f7xx_it.o: Src/stm32f7xx_it.c makefile Src/stm32f7xx_it.c Inc/main.h Drivers/STM32F7xx_HAL_Driver/Inc/stm32f7xx_hal.h Inc/stm32f7xx_hal_conf.h Drivers/STM32F7xx_HAL_Driver/Inc/stm32f7xx_hal_rcc.h Drivers/STM32F7xx_HAL_Driver/Inc/stm32f7xx_hal_def.h Drivers/CMSIS/Device/ST/STM32F7xx/Include/stm32f7xx.h Drivers/CMSIS/Device/ST/STM32F7xx/Include/stm32f746xx.h Drivers/CMSIS/Include/core_cm7.h Drivers/CMSIS/Include/cmsis_version.h Drivers/CMSIS/Include/cmsis_compiler.h Drivers/CMSIS/Include/cmsis_gcc.h Drivers/CMSIS/Include/mpu_armv7.h Drivers/CMSIS/Device/ST/STM32F7xx/Include/system_stm32f7xx.h Drivers/STM32F7xx_HAL_Driver/Inc/Legacy/stm32_hal_legacy.h Drivers/STM32F7xx_HAL_Driver/Inc/stm32f7xx_hal_rcc_ex.h Drivers/STM32F7xx_HAL_Driver/Inc/stm32f7xx_hal_exti.h Drivers/STM32F7xx_HAL_Driver/Inc/stm32f7xx_hal_gpio.h Drivers/STM32F7xx_HAL_Driver/Inc/stm32f7xx_hal_gpio_ex.h Drivers/STM32F7xx_HAL_Driver/Inc/stm32f7xx_hal_dma.h Drivers/STM32F7xx_HAL_Driver/Inc/stm32f7xx_hal_dma_ex.h Drivers/STM32F7xx_HAL_Driver/Inc/stm32f7xx_hal_cortex.h Drivers/STM32F7xx_HAL_Driver/Inc/stm32f7xx_hal_flash.h Drivers/STM32F7xx_HAL_Driver/Inc/stm32f7xx_hal_flash_ex.h Drivers/STM32F7xx_HAL_Driver/Inc/stm32f7xx_hal_i2c.h Drivers/STM32F7xx_HAL_Driver/Inc/stm32f7xx_hal_i2c_ex.h Drivers/STM32F7xx_HAL_Driver/Inc/stm32f7xx_hal_pwr.h Drivers/STM32F7xx_HAL_Dri 
ver/Inc/stm32f7xx_hal_pwr_ex.h Inc/stm32f7xx_it.h | build
#  Implicit rule search has been done.
#  Implicit/static pattern stem: `stm32f7xx_it'
#  Last modified 2022-03-21 22:03:43
#  File has been updated.
#  Successfully updated.
# variable set hash-table stats:
# Load=0/32=0%, Rehash=0, Collisions=0/0=0%
#  commands to execute (from `makefile', line 163):
	$(CC) -c $(CFLAGS) -Wa,-a,-ad,-alms=$(BUILD_DIR)/$(notdir $(<:.c=.lst)) $< -o $@
	

# Not a target:
makefile:
#  Implicit rule search has been done.
 
#  Last modified 2022-03-21 20:59:45
#  File has been updated.
#  Successfully updated.
# variable set hash-table stats:
# Load=0/32=0%, Rehash=0, Collisions=0/0=0%

# Not a target:
build/stm32f7xx_hal_tim.d:
#  A default, MAKEFILES, or -include/sinclude makefile.
#  Implicit rule search has been done.
#  Last modified 2022-03-21 22:03:44
#  File has been updated.
#  Successfully updated.
# variable set hash-table stats:
# Load=0/32=0%, Rehash=0, Collisions=0/0=0%

build:
#  Implicit rule search has not bee 
n done.
#  Last modified 2022-03-22 11:24:08
#  File has been updated.
#  Successfully updated.
#  commands to execute (from `makefile', line 179):
	mkdir $@		
	

# Not a target:
build/stm32f7xx_hal_i2c_ex.d:
#  A default, MAKEFILES, or -include/sinclude makefile.
#  Implicit rule search has been done.
#  Last modified 2022-03-21 22:03:48
#  File has been updated.
#  Successfully updated.
# variable set hash-table stats:
# Load=0/32=0%, Rehash=0, Collisions=0/0=0%

build/stm32f7xx_hal_rcc_ex.o: Drivers/STM32F7xx_HAL_Driver/Src/stm32f7xx_hal_rcc_ex.c makefile Drivers/STM32F7xx_HAL_Driver/Src/stm32f7xx_hal_rcc_ex.c Drivers/STM32F7xx_HAL_Driver/Inc/stm32f7xx_hal.h Inc/stm32f7xx_hal_conf.h Drivers/STM32F7xx_HAL_Driver/Inc/stm32f7xx_hal_rcc.h Drivers/STM32F7xx_HAL_Driver/Inc/stm32f7xx_hal_def.h Drivers/CMSIS/Device/ST/STM32F7xx/Include/stm32f7xx.h Drivers/CMSIS/Device/ST/STM32F7xx/Include/stm32f746xx.h Drivers/CMSIS/Include/core_cm7.h Drivers/CMSIS/Include/cmsis_version.h Drivers/CMSIS/Include/cmsis_compiler.h Drivers/CMSIS/Include/cmsis_gcc.h Drivers/CMSIS/Include/mpu_armv7.h Drivers/CMSIS/Device/ST/STM32F7xx/Include/system_stm32f7xx.h Drivers/STM32F7xx_HAL_Driver/Inc/Legacy/stm32_hal_legacy.h Drivers/STM32F7xx_HAL_Driver/Inc/stm32f7xx_hal_rcc_ex.h Drivers/STM32F7xx_HAL_Driver/Inc/stm32f7xx_hal_exti.h Drivers/STM32F7xx_HAL_Driver/Inc/stm32f7xx_hal_gpio.h Drivers/STM32F7xx_HAL_Driver/Inc/stm32f7xx_hal_gpio_ex.h Drivers/STM32F7xx_HAL_Driver/Inc/stm32f7xx_hal_dma.h Drivers/STM32F7xx_HAL_Driver/Inc/stm32f7xx_hal_dma_ex 
.h Drivers/STM32F7xx_HAL_Driver/Inc/stm32f7xx_hal_cortex.h Drivers/STM32F7xx_HAL_Driver/Inc/stm32f7xx_hal_flash.h Drivers/STM32F7xx_HAL_Driver/Inc/stm32f7xx_hal_flash_ex.h Drivers/STM32F7xx_HAL_Driver/Inc/stm32f7xx_hal_i2c.h Drivers/STM32F7xx_HAL_Driver/Inc/stm32f7xx_hal_i2c_ex.h Drivers/STM32F7xx_HAL_Driver/Inc/stm32f7xx_hal_pwr.h Drivers/STM32F7xx_HAL_Driver/Inc/stm32f7xx_hal_pwr_ex.h | build
#  Implicit rule search has been done.
#  Implicit/static pattern stem: `stm32f7xx_hal_rcc_ex'
#  Last modified 20 
22-03-21 22:03:45
#  File has been updated.
#  Successfully updated.
# variable set hash-table stats:
# Load=0/32=0%, Rehash=0, Collisions=0/0=0%
#  commands to execute (from `makefile', line 163):
	$(CC) -c $(CFLAGS) -Wa,-a,-ad,-alms=$(BUILD_DIR)/$(notdir $(<:.c=.lst)) $< -o $@
	

Drivers/STM32F7xx_HAL_Driver/Inc/stm32f7xx_hal_i2c.h:
#  Implicit rule search has been done.
#  Last modified 2022-03-20 11:20:20
#  File has been updated.
#  Successfully updated.
# variable set hash-table stats:
# Load=0/32=0%, 
 Rehash=0, Collisions=0/0=0%

# Not a target:
build/stm32f7xx_hal_pwr.d:
#  A default, MAKEFILES, or -include/sinclude makefile.
#  Implicit rule search has been done.
#  Last modified 2022-03-21 22:03:47
#  File has been updated.
#  Successfully updated.
# variable set hash-table stats:
# Load=0/32=0%, Rehash=0, Collisions=0/0=0%

# Not a target:
build/startup_stm32f746xx.d:
#  A default, MAKEFILES, or -include/sinclude makefile.
#  Implicit rule search has been done.
#  Last modified 2022-03-21 22:03:49
# 
  File has been updated.
#  Successfully updated.
# variable set hash-table stats:
# Load=0/32=0%, Rehash=0, Collisions=0/0=0%

Inc/gpio.h:
#  Implicit rule search has been done.
#  Last modified 2022-03-21 09:41:09
#  File has been updated.
#  Successfully updated.
# variable set hash-table stats:
# Load=0/32=0%, Rehash=0, Collisions=0/0=0%

Inc/stm32f7xx_it.h:
#  Implicit rule search has been done.
#  Last modified 2022-03-21 09:41:10
#  File has been updated.
#  Successfully updated.
# variable set hash- 
table stats:
# Load=0/32=0%, Rehash=0, Collisions=0/0=0%

jflash: build/jflash
#  Implicit rule search has not been done.
#  Modification time never checked.
#  File has not been updated.
#  commands to execute (from `makefile', line 205):
	JLink -commanderscript $<
	

# Not a target:
Drivers/STM32F7xx_HAL_Driver/Src/stm32f7xx_hal_rcc_ex.c:
#  Implicit rule search has been done.
#  Last modified 2022-03-20 11:20:20
#  File has been updated.
#  Successfully updated.
# variable set hash-table stats:
# Load=0/32=0%, Rehash=0, Collisions=0/0=0%

build/stm32f7xx_hal_i2c.o: Drivers/STM32F7xx_HAL_Driver/Src/stm32f7xx_hal_i2c.c makefile Drivers/STM32F7xx_HAL_Driver/Src/stm32f7xx_hal_i2c.c Drivers/STM32F7xx_HAL_Driver/Inc/stm32f7xx_hal.h Inc/stm32f7xx_hal_conf.h Drivers/STM32F7xx_HAL_Driver/Inc/stm32f7xx_hal_rcc.h Drivers/STM32F7xx_HAL_Driver/Inc/stm32f7xx_hal_def.h Drivers/CMSIS/Device/ST/STM32F7xx/Include/stm32f7xx.h Drivers/CMSIS/Device/ST/STM32F7xx/Include/stm32f746xx.h Drivers/CMSIS/Include/core_cm7.h Drivers/CMSIS/Include/cmsis_version.h Drivers/CMSIS/Include/cmsis_compiler.h Drivers/CMSIS/Include/cmsis_gcc.h Drivers/CMSIS/Include/mpu_armv7.h Drivers/CMSIS/Device/ST/STM32F7xx/Include/system_stm32f7xx.h Drivers/STM32F7xx_HAL_Driver/Inc/Legacy/stm32_hal_legacy.h Drivers/STM32F7xx_HAL_Driver/Inc/stm32f7xx_hal_rcc_ex.h Drivers/STM32F7xx_HAL_Driver/Inc/stm32f7xx_hal_exti.h Drivers/STM32F7xx_HAL_Driver/Inc/stm32f7xx_hal_gpio.h Drivers/STM32F7xx_HAL_Driver/Inc/stm32f7xx_hal_gpio_ex.h Drivers/STM32F7xx_HAL_Driver/Inc/stm32f7xx_hal_dma.h Drivers/STM32F7xx_HAL_Driver/Inc/stm32f7xx_hal_dma_ex.h Drivers/STM32F7xx_HAL_Driver/Inc/stm32f7xx_hal_cortex.h Drivers/STM32F7xx_HAL_Driver/Inc/stm32f7xx_hal_flash.h Drivers/STM32F7xx_HAL_Driver/Inc/stm32f7xx_hal_flash_ex.h Drivers/STM32F7xx_HAL_Driver/Inc/stm32f7xx_hal_i2c.h Drivers/STM32F7xx_HAL_Driver/Inc/stm32f7xx_hal_i2c_ex.h Drivers/STM32F7xx_HAL_Driver/Inc/stm32f7xx_hal_pwr.h Drivers/STM32F7xx_HAL_Driver/Inc/stm32f7xx_hal_pwr_ex.h | build
#  Implicit rule search has been done.
#  Imp 
licit/static pattern stem: `stm32f7xx_hal_i2c'
#  Last modified 2022-03-21 22:03:59
#  File has been updated.
#  Successfully updated.
# variable set hash-table stats:
# Load=0/32=0%, Rehash=0, Collisions=0/0=0%
#  commands to execute (from `makefile', line 163):
	$(CC) -c $(CFLAGS) -Wa,-a,-ad,-alms=$(BUILD_DIR)/$(notdir $(<:.c=.lst)) $< -o $@
	

# Not a target:
startup_stm32f746xx.s:
#  Implicit rule search has been done.
#  Last modified 2022-03-20 11:20:20
#  File has been updated.
#  Successfully update 
d.
# variable set hash-table stats:
# Load=0/32=0%, Rehash=0, Collisions=0/0=0%

Drivers/CMSIS/Include/core_cm7.h:
#  Implicit rule search has been done.
#  Last modified 2022-03-20 11:05:20
#  File has been updated.
#  Successfully updated.
# variable set hash-table stats:
# Load=0/32=0%, Rehash=0, Collisions=0/0=0%

Drivers/CMSIS/Include/mpu_armv7.h:
#  Implicit rule search has been done.
#  Last modified 2022-03-20 11:05:20
#  File has been updated.
#  Successfully updated.
# variable set hash-table stat 
s:
# Load=0/32=0%, Rehash=0, Collisions=0/0=0%

# Not a target:
Drivers/STM32F7xx_HAL_Driver/Src/stm32f7xx_hal_i2c.c:
#  Implicit rule search has been done.
#  Last modified 2022-03-20 11:20:20
#  File has been updated.
#  Successfully updated.
# variable set hash-table stats:
# Load=0/32=0%, Rehash=0, Collisions=0/0=0%

# Not a target:
Src/main.c:
#  Implicit rule search has been done.
#  Last modified 2022-03-22 11:23:55
#  File has been updated.
#  Successfully updated.
# variable set hash-table stats:
# 
 Load=0/32=0%, Rehash=0, Collisions=0/0=0%

Drivers/STM32F7xx_HAL_Driver/Inc/stm32f7xx_hal_i2c_ex.h:
#  Implicit rule search has been done.
#  Last modified 2022-03-20 11:20:20
#  File has been updated.
#  Successfully updated.
# variable set hash-table stats:
# Load=0/32=0%, Rehash=0, Collisions=0/0=0%

# Not a target:
build/stm32f7xx_hal_flash.d:
#  A default, MAKEFILES, or -include/sinclude makefile.
#  Implicit rule search has been done.
#  Last modified 2022-03-21 22:03:45
#  File has been updated.
#   
Successfully updated.
# variable set hash-table stats:
# Load=0/32=0%, Rehash=0, Collisions=0/0=0%

# Not a target:
.SUFFIXES:
#  Implicit rule search has not been done.
#  Modification time never checked.
#  File has not been updated.

Drivers/CMSIS/Device/ST/STM32F7xx/Include/stm32f746xx.h:
#  Implicit rule search has been done.
#  Last modified 2022-03-20 11:20:20
#  File has been updated.
#  Successfully updated.
# variable set hash-table stats:
# Load=0/32=0%, Rehash=0, Collisions=0/0=0%

Drivers/STM32 
F7xx_HAL_Driver/Inc/stm32f7xx_hal_pwr.h:
#  Implicit rule search has been done.
#  Last modified 2022-03-20 11:20:20
#  File has been updated.
#  Successfully updated.
# variable set hash-table stats:
# Load=0/32=0%, Rehash=0, Collisions=0/0=0%

# Not a target:
Src/stm32f7xx_hal_msp.c:
#  Implicit rule search has been done.
#  Last modified 2022-03-21 09:41:10
#  File has been updated.
#  Successfully updated.
# variable set hash-table stats:
# Load=0/32=0%, Rehash=0, Collisions=0/0=0%

# Not a target:
buil 
d/stm32f7xx_hal_dma.d:
#  A default, MAKEFILES, or -include/sinclude makefile.
#  Implicit rule search has been done.
#  Last modified 2022-03-21 22:03:46
#  File has been updated.
#  Successfully updated.
# variable set hash-table stats:
# Load=0/32=0%, Rehash=0, Collisions=0/0=0%

# Not a target:
build/stm32f7xx_hal_tim_ex.d:
#  A default, MAKEFILES, or -include/sinclude makefile.
#  Implicit rule search has been done.
#  Last modified 2022-03-21 22:03:44
#  File has been updated.
#  Successfully updated.
# variable set hash-table stats:
# Load=0/32=0%, Rehash=0, Collisions=0/0=0%

build/stm32f7xx_hal_rcc.o: Drivers/STM32F7xx_HAL_Driver/Src/stm32f7xx_hal_rcc.c makefile Drivers/STM32F7xx_HAL_Driver/Src/stm32f7xx_hal_rcc.c Drivers/STM32F7xx_HAL_Driver/Inc/stm32f7xx_hal.h Inc/stm32f7xx_hal_conf.h Drivers/STM32F7xx_HAL_Driver/Inc/stm32f7xx_hal_rcc.h Drivers/STM32F7xx_HAL_Driver/Inc/stm32f7xx_hal_def.h Drivers/CMSIS/Device/ST/STM32F7xx/Include/stm32f7xx.h Drivers/CMSIS/Device/ST/STM32F7xx/Include/stm32f746xx.h Drivers/CMSIS/Include/core_cm7.h Drivers/CMSIS/Include/cmsis_version.h Drivers/CMSIS/Include/cmsis_compiler.h Drivers/CMSIS/Include/cmsis_gcc.h Drivers/CMSIS/Include/mpu_armv7.h Drivers/CMSIS/Device/ST/STM32F7xx/Include/system_stm32f7xx.h Drivers/STM32F7xx_HAL_Driver/Inc/Legacy/stm32_hal_legacy.h Drivers/STM32F7xx_HAL_Driver/Inc/stm32f7xx_hal_rcc_ex.h Drivers/STM32F7xx_HAL_Driver/Inc/stm32f7xx_hal_exti.h Drivers/STM32F7xx_HAL_Driver/Inc/stm32f7xx_hal_gpio.h Drivers/STM32F7xx_HAL_Driver/Inc/stm32f7xx_hal_gpio_ex.h Drivers/STM32F7xx_HAL_Driver/Inc/stm32f7xx_hal_dma.h Drivers/STM32F7xx_HAL_Driver/Inc/stm32f7xx_hal_dma_ex.h Drivers/STM32F7xx_HAL_Driver/Inc/stm32f7xx_hal_cortex.h Drivers/STM32F7xx_HAL_Driver/Inc/stm32f7xx_hal_flash.h Drivers/STM32F7xx_HAL_Driver/Inc/stm32f7xx_hal_flash_ex.h Drivers/STM32F7xx_HAL_Driver/Inc/stm32f7xx_hal_i2c.h Drivers/STM32F7xx_HAL_Driver/Inc/stm32f7xx_hal_i2c_ex.h Drivers/STM32F7xx_HAL_Driver/Inc/stm32f7xx_hal_pwr.h Drivers/STM32F7xx_HAL_Driver/Inc/stm32f7xx_hal_pwr_ex.h | build
#  
 Implicit rule search has been done.
#  Implicit/static pattern stem: `stm32f7xx_hal_rcc'
#  Last modified 2022-03-21 22:03:45
#  File has been updated.
#  Successfully updated.
# variable set hash-table stats:
# Load=0/32=0%, Rehash=0, Collisions=0/0=0%
#  commands to execute (from `makefile', line 163):
	$(CC) -c $(CFLAGS) -Wa,-a,-ad,-alms=$(BUILD_DIR)/$(notdir $(<:.c=.lst)) $< -o $@
	

build/stm32f7xx_hal_tim.o: Drivers/STM32F7xx_HAL_Driver/Src/stm32f7xx_hal_tim.c makefile Drivers/STM32F7xx_HAL_Driver/Src/stm32f7xx_hal_tim.c Drivers/STM32F7xx_HAL_Driver/Inc/stm32f7xx_hal.h Inc/stm32f7xx_hal_conf.h Drivers/STM32F7xx_HAL_Driver/Inc/stm32f7xx_hal_rcc.h Drivers/STM32F7xx_HAL_Driver/Inc/stm32f7xx_hal_def.h Drivers/CMSIS/Device/ST/STM32F7xx/Include/stm32f7xx.h Drivers/CMSIS/Device/ST/STM32F7xx/Include/stm32f746xx.h Drivers/CMSIS/Include/core_cm7.h Drivers/CMSIS/Include/cmsis_version.h Drivers/CMSIS/Include/cmsis_compiler.h Drivers/CMSIS/Include/cmsis_gcc.h Drivers/CMSIS/Include/mpu_armv7.h Drivers/CMSIS/Device/ST/STM32F7xx/Include/system_stm32f7xx.h Drivers/STM32F7xx_HAL_Driver/Inc/Legacy/stm32_hal_legacy.h Drivers/STM32F7xx_HAL_Driver/Inc/stm32f7xx_hal_rcc_ex.h Drivers/STM32F7xx_HAL_Driver/Inc/stm32f7xx_hal_exti.h Drivers/STM32F7xx_HAL_Driver/Inc/stm32f7xx_hal_gpio.h Drivers/STM32F7xx_HAL_Driver/Inc/stm32f7xx_hal_gpio_ex.h Drivers/STM32F7xx_HAL_Driver/Inc/stm32f7xx_hal_dma.h Drivers/STM32F7xx_HAL_Driver/Inc/stm32f7xx_hal_dma_ex.h Drivers/STM32F7xx_HAL_Driver/Inc/stm32f7xx_hal_cortex.h Drivers/STM32F7xx_HAL_Driver/Inc/stm32f7xx_hal_flash.h Drivers/STM32F7xx_HAL_Driver/Inc/stm32f7xx_hal_flash_ex.h Drivers/STM32F7xx_HAL_Driver/Inc/stm32f7xx_hal_i2c.h Drivers/STM32F7xx_HAL_Driver/Inc/stm32f7xx_hal_i2c_ex.h Drivers/STM32F7xx_HAL_Driver/Inc/stm32f7xx_hal_pwr.h Drivers/STM32F7xx_HAL_Driver/Inc/stm32f7xx_hal_pwr_ex.h | build
#  Implicit rule search has been done.
#  Implicit/static pattern stem: `stm32f7xx_hal_tim'
#  Last modified 2022-03-21 22:03:44
#  File has been updated.
#  Successfully updated.
# variable set hash-t 
able stats:
# Load=0/32=0%, Rehash=0, Collisions=0/0=0%
#  commands to execute (from `makefile', line 163):
	$(CC) -c $(CFLAGS) -Wa,-a,-ad,-alms=$(BUILD_DIR)/$(notdir $(<:.c=.lst)) $< -o $@
	

# Not a target:
build/stm32f7xx_hal_pwr_ex.d:
#  A default, MAKEFILES, or -include/sinclude makefile.
#  Implicit rule search has been done.
#  Last modified 2022-03-21 22:03:47
#  File has been updated.
#  Successfully updated.
# variable set hash-table stats:
# Load=0/32=0%, Rehash=0, Collisions=0/0=0%

Drivers/STM32F7xx_HAL_Driver/Inc/stm32f7xx_hal_flash.h:
#  Implicit rule search has been done.
#  Last modified 2022-03-20 11:20:20
#  File has been updated.
#  Successfully updated.
# variable set hash-table stats:
# Load=0/32=0%, Rehash=0, Collisions=0/0=0%

build/stm32f7xx_hal_i2c_ex.o: Drivers/STM32F7xx_HAL_Driver/Src/stm32f7xx_hal_i2c_ex.c makefile Drivers/STM32F7xx_HAL_Driver/Src/stm32f7xx_hal_i2c_ex.c Drivers/STM32F7xx_HAL_Driver/Inc/stm32f7xx_hal.h Inc/stm32f7xx_hal_conf.h Drivers/STM32F7xx_HAL_Driver/Inc/stm32f7xx_hal_rcc.h Drivers/STM32F7xx_HAL_Driver/Inc/stm32f7xx_hal_def.h Drivers/CMSIS/Device/ST/STM32F7xx/Include/stm32f7xx.h Drivers/CMSIS/Device/ST/STM32F7xx/Include/stm32f746xx.h Drivers/CMSIS/Include/core_cm7.h Drivers/CMSIS/Include/cmsis_version.h Drivers/CMSIS/Include/cmsis_compiler.h Drivers/CMSIS/Include/cmsis_gcc.h Drivers/CMSIS/Include/mpu_armv7.h Drivers/CMSIS/Device/ST/STM32F7xx/Include/system_stm32f7xx.h Drivers/STM32F7xx_HAL_Driver/Inc/Legacy/stm32_hal_legacy.h Drivers/STM32F7xx_HAL_Driver/Inc/stm32f7xx_hal_rcc_ex.h Drivers/STM32F7xx_HAL_Driver/Inc/stm32f7xx_hal_exti.h Drivers/STM32F7xx_HAL_Driver/Inc/stm32f7xx_hal_gpio.h Drivers/STM32F7xx_HAL_Driver/Inc/stm32f7xx_hal_gpio_ex.h Drivers/STM32F7xx_HAL_Driver/Inc/stm32f7xx_hal_dma.h Drivers/STM32F7xx_HAL_Driver/Inc/stm32f7xx_hal_dma_ex.h Drivers/STM32F7xx_HAL_Driver/Inc/stm32f7xx_hal_cortex.h Drivers/STM32F7xx_HAL_Driver/Inc/stm32f7xx_hal_flash.h Drivers/STM32F7xx_HAL_Driver/Inc/stm32f7xx_hal_flash_ex.h Drivers/STM32F7xx_HAL_Driver/Inc/stm32f7xx_hal_i2 
c.h Drivers/STM32F7xx_HAL_Driver/Inc/stm32f7xx_hal_i2c_ex.h Drivers/STM32F7xx_HAL_Driver/Inc/stm32f7xx_hal_pwr.h Drivers/STM32F7xx_HAL_Driver/Inc/stm32f7xx_hal_pwr_ex.h | build
#  Implicit rule search has been done.
#  Implicit/static pattern stem: `stm32f7xx_hal_i2c_ex'
#  Last modified 2022-03-21 22:03:48
#  File has been updated.
#  Successfully updated.
# variable set hash-table stats:
# Load=0/32=0%, Rehash=0, Collisions=0/0=0%
#  commands to execute (from `makefile', line 163):
	$(CC) -c $(CFLAGS) -Wa 
,-a,-ad,-alms=$(BUILD_DIR)/$(notdir $(<:.c=.lst)) $< -o $@
	

# Not a target:
Drivers/STM32F7xx_HAL_Driver/Src/stm32f7xx_hal_tim.c:
#  Implicit rule search has been done.
#  Last modified 2022-03-20 11:20:20
#  File has been updated.
#  Successfully updated.
# variable set hash-table stats:
# Load=0/32=0%, Rehash=0, Collisions=0/0=0%

clean:
#  Implicit rule search has not been done.
#  Modification time never checked.
#  File has not been updated.
#  commands to execute (from `makefile', line 185):
	-rm -fR $(BUILD_DIR)
	

Drivers/CMSIS/Device/ST/STM32F7xx/Include/stm32f7xx.h:
#  Implicit rule search has been done.
#  Last modified 2022-03-20 11:20:20
#  File has been updated.
#  Successfully updated.
# variable set hash-table stats:
# Load=0/32=0%, Rehash=0, Collisions=0/0=0%

Drivers/STM32F7xx_HAL_Driver/Inc/stm32f7xx_hal_dma.h:
#  Implicit rule search has been done.
#  Last modified 2022-03-20 11:20:20
#  File has been updated.
#  Successfully updated.
# variable set hash-table stats:
# Load=0/32=0%, Reha 
sh=0, Collisions=0/0=0%

stflash: build/nucleo.bin
#  Implicit rule search has not been done.
#  Modification time never checked.
#  File has not been updated.
#  commands to execute (from `makefile', line 208):
	st-flash --reset write $< 0x08000000
	

# Not a target:
build/stm32f7xx_hal_cortex.d:
#  A default, MAKEFILES, or -include/sinclude makefile.
#  Implicit rule search has been done.
#  Last modified 2022-03-21 22:03:44
#  File has been updated.
#  Successfully updated.
# variable set hash-table stat 
s:
# Load=0/32=0%, Rehash=0, Collisions=0/0=0%

build/jflash: build/nucleo.bin
#  Implicit rule search has not been done.
#  Modification time never checked.
#  File has not been updated.
#  commands to execute (from `makefile', line 198):
	@touch $@
	@echo device $(device) > $@
	@echo -e si 1'\n'speed 4000 >> $@
	@echo loadbin $< 0x08000000 >> $@
	@echo -e r'\n'g'\n'qc >> $@
	

Drivers/CMSIS/Include/cmsis_version.h:
#  Implicit rule search has been done.
#  Last modified 2022-03-20 11:05:20
#  File has been updated.
#  Successfully updated.
# variable set hash-table stats:
# Load=0/32=0%, Rehash=0, Collisions=0/0=0%

build/stm32f7xx_hal_pwr.o: Drivers/STM32F7xx_HAL_Driver/Src/stm32f7xx_hal_pwr.c makefile Drivers/STM32F7xx_HAL_Driver/Src/stm32f7xx_hal_pwr.c Drivers/STM32F7xx_HAL_Driver/Inc/stm32f7xx_hal.h Inc/stm32f7xx_hal_conf.h Drivers/STM32F7xx_HAL_Driver/Inc/stm32f7xx_hal_rcc.h Drivers/STM32F7xx_HAL_Driver/Inc/stm32f7xx_hal_def.h Drivers/CMSIS/Device/ST/STM32F7xx/Include/stm32f7xx.h Drivers/CMSIS/Device/ST/STM32F7xx/Include/stm32f746xx.h Drivers/CMSIS/Include/core_cm7.h Drivers/CMSIS/Include/cmsis_version.h Drivers/CMSIS/Include/cmsis_compiler.h Drivers/CMSIS/Include/cmsis_gcc.h Drivers/CMSIS/Include/mpu_armv7.h Drivers/CMSIS/Device/ST/STM32F7xx/Include/system_stm32f7xx.h Drivers/STM32F7xx_HAL_Driver/Inc/Legacy/stm32_hal_legacy.h Drivers/STM32F7xx_HAL_Driver/Inc/stm32f7xx_hal_rcc_ex.h Drivers/STM32F7xx_HAL_Driver/Inc/stm32f7xx_hal_exti.h Drivers/STM32F7xx_HAL_Driver/Inc/stm32f7xx_hal_gpio.h Drivers/STM32F7xx_HAL_Driver/Inc/stm32f7xx_hal_gpio_ex.h Drivers/STM32F7xx_HAL_Driver/Inc/stm32f7xx_hal_dma.h Drivers/STM32F7xx_HAL_Driver/Inc/stm32f7xx_hal_dma_ex.h Drivers/STM32F7xx_HAL_Driver/Inc/stm32f7xx_hal_cortex.h Drivers/STM32F7xx_HAL_Driver/Inc/stm32f7xx_hal_flash.h Drivers/STM32F7xx_HAL_Driver/Inc/stm32f7xx_hal_flash_ex.h Drivers/STM32F7xx_HAL_Driver/Inc/stm32f7xx_hal_i2c.h Drivers/STM32F7xx_HAL_Driver/Inc/stm32f7xx_hal_i2c_ex.h Drivers/STM32F7xx_HAL_Driver/Inc/stm32f7xx_hal_pwr.h Drivers/STM32F7xx_HAL_Driver/In 
c/stm32f7xx_hal_pwr_ex.h | build
#  Implicit rule search has been done.
#  Implicit/static pattern stem: `stm32f7xx_hal_pwr'
#  Last modified 2022-03-21 22:03:47
#  File has been updated.
#  Successfully updated.
# variable set hash-table stats:
# Load=0/32=0%, Rehash=0, Collisions=0/0=0%
#  commands to execute (from `makefile', line 163):
	$(CC) -c $(CFLAGS) -Wa,-a,-ad,-alms=$(BUILD_DIR)/$(notdir $(<:.c=.lst)) $< -o $@
	

# Not a target:
Drivers/STM32F7xx_HAL_Driver/Src/stm32f7xx_hal_i2c_ex.c:
#  Implicit rule search has been done.
#  Last modified 2022-03-20 11:20:20
#  File has been updated.
#  Successfully updated.
# variable set hash-table stats:
# Load=0/32=0%, Rehash=0, Collisions=0/0=0%

build/startup_stm32f746xx.o: startup_stm32f746xx.s makefile startup_stm32f746xx.s | build
#  Implicit rule search has been done.
#  Implicit/static pattern stem: `startup_stm32f746xx'
#  Last modified 2022-03-21 22:03:49
#  File has been updated.
#  Successfully updated.
# variable set hash-table stats:
# Load=0/32=0% 
, Rehash=0, Collisions=0/0=0%
#  commands to execute (from `makefile', line 166):
	$(AS) -c $(CFLAGS) $< -o $@
	

# Not a target:
build/stm32f7xx_hal_flash_ex.d:
#  A default, MAKEFILES, or -include/sinclude makefile.
#  Implicit rule search has been done.
#  Last modified 2022-03-21 22:03:45
#  File has been updated.
#  Successfully updated.
# variable set hash-table stats:
# Load=0/32=0%, Rehash=0, Collisions=0/0=0%

Drivers/CMSIS/Include/cmsis_gcc.h:
#  Implicit rule search has been done.
#  Last modifie 
d 2022-03-20 11:05:20
#  File has been updated.
#  Successfully updated.
# variable set hash-table stats:
# Load=0/32=0%, Rehash=0, Collisions=0/0=0%

# Not a target:
Drivers/STM32F7xx_HAL_Driver/Src/stm32f7xx_hal_pwr.c:
#  Implicit rule search has been done.
#  Last modified 2022-03-20 11:20:20
#  File has been updated.
#  Successfully updated.
# variable set hash-table stats:
# Load=0/32=0%, Rehash=0, Collisions=0/0=0%

Drivers/STM32F7xx_HAL_Driver/Inc/stm32f7xx_hal_pwr_ex.h:
#  Implicit rule search has b 
een done.
#  Last modified 2022-03-20 11:20:20
#  File has been updated.
#  Successfully updated.
# variable set hash-table stats:
# Load=0/32=0%, Rehash=0, Collisions=0/0=0%

# Not a target:
Src/gpio.c:
#  Implicit rule search has been done.
#  Last modified 2022-03-21 09:41:09
#  File has been updated.
#  Successfully updated.
# variable set hash-table stats:
# Load=0/32=0%, Rehash=0, Collisions=0/0=0%

# Not a target:
build/stm32f7xx_hal_dma_ex.d:
#  A default, MAKEFILES, or -include/sinclude makefile.
# 
  Implicit rule search has been done.
#  Last modified 2022-03-21 22:03:47
#  File has been updated.
#  Successfully updated.
# variable set hash-table stats:
# Load=0/32=0%, Rehash=0, Collisions=0/0=0%

# Not a target:
Src/stm32f7xx_it.c:
#  Implicit rule search has been done.
#  Last modified 2022-03-21 09:41:10
#  File has been updated.
#  Successfully updated.
# variable set hash-table stats:
# Load=0/32=0%, Rehash=0, Collisions=0/0=0%

# Not a target:
build/main.d:
#  A default, MAKEFILES, or -include/ 
sinclude makefile.
#  Implicit rule search has been done.
#  Last modified 2022-03-22 11:23:58
#  File has been updated.
#  Successfully updated.
# variable set hash-table stats:
# Load=0/32=0%, Rehash=0, Collisions=0/0=0%

build/stm32f7xx_hal_flash.o: Drivers/STM32F7xx_HAL_Driver/Src/stm32f7xx_hal_flash.c makefile Drivers/STM32F7xx_HAL_Driver/Src/stm32f7xx_hal_flash.c Drivers/STM32F7xx_HAL_Driver/Inc/stm32f7xx_hal.h Inc/stm32f7xx_hal_conf.h Drivers/STM32F7xx_HAL_Driver/Inc/stm32f7xx_hal_rcc.h Drivers/STM32F7xx_HAL_Driver/Inc/stm32f7xx_hal_def.h Drivers/CMSIS/Device/ST/STM32F7xx/Include/stm32f7xx.h Drivers/CMSIS/Device/ST/STM32F7xx/Include/stm32f746xx.h Drivers/CMSIS/Include/core_cm7.h Drivers/CMSIS/Include/cmsis_version.h Drivers/CMSIS/Include/cmsis_compiler.h Drivers/CMSIS/Include/cmsis_gcc.h Drivers/CMSIS/Include/mpu_armv7.h Drivers/CMSIS/Device/ST/STM32F7xx/Include/system_stm32f7xx.h Drivers/STM32F7xx_HAL_Driver/Inc/Legacy/stm32_hal_legacy.h Drivers/STM32F7xx_HAL_Driver/Inc/stm32f7xx_hal_rcc_ex.h Drivers/STM32F7xx_HAL_Driver/Inc/stm32f7xx_hal_exti.h Drivers/STM32F7xx_HAL_Driver/Inc/stm32f7xx_hal_gpio.h Drivers/STM32F7xx_HAL_Driver/Inc/stm32f7xx_hal_gpio_ex.h Drivers/STM32F7xx_HAL_Driver/Inc/stm32f7xx_hal_dma.h Drivers/STM32F7xx_HAL_Driver/Inc/stm32f7xx_hal_dma_ex.h Drivers/STM32F7xx_HAL_Driver/Inc/stm32f7xx_hal_cortex.h Drivers/STM32F7xx_HAL_Driver/Inc/stm32f7xx_hal_flash.h Drivers/STM32F7xx_HAL_Driver/Inc/stm32f7xx_hal_flash_ex.h Drivers/STM32F7xx_HAL_Driver/Inc/stm32f7xx_hal_i2c.h Drivers/STM32F7xx_HAL_Dr 
iver/Inc/stm32f7xx_hal_i2c_ex.h Drivers/STM32F7xx_HAL_Driver/Inc/stm32f7xx_hal_pwr.h Drivers/STM32F7xx_HAL_Driver/Inc/stm32f7xx_hal_pwr_ex.h | build
#  Implicit rule search has been done.
#  Implicit/static pattern stem: `stm32f7xx_hal_flash'
#  Last modified 2022-03-21 22:03:45
#  File has been updated.
#  Successfully updated.
# variable set hash-table stats:
# Load=0/32=0%, Rehash=0, Collisions=0/0=0%
#  commands to execute (from `makefile', line 163):
	$(CC) -c $(CFLAGS) -Wa,-a,-ad,-alms=$(BUILD_DIR)/$(notdir $(<:.c=.lst)) $< -o $@
	

flash: all
#  Implicit rule search has not been done.
#  Modification time never checked.
#  File has not been updated.
#  commands to execute (from `makefile', line 194):
	openocd -f interface/stlink.cfg -f target/stm32f7x.cfg -c "program $(BUILD_DIR)/$(TARGET).elf verify reset exit"
	

# Not a target:
build/stm32f7xx_hal_msp.d:
#  A default, MAKEFILES, or -include/sinclude makefile.
#  Implicit rule search has been done.
#  Last modified 2022-03-21 22:03:43
#  File has bee 
n updated.
#  Successfully updated.
# variable set hash-table stats:
# Load=0/32=0%, Rehash=0, Collisions=0/0=0%

Drivers/STM32F7xx_HAL_Driver/Inc/stm32f7xx_hal_cortex.h:
#  Implicit rule search has been done.
#  Last modified 2022-03-20 11:20:20
#  File has been updated.
#  Successfully updated.
# variable set hash-table stats:
# Load=0/32=0%, Rehash=0, Collisions=0/0=0%

# Not a target:
build/stm32f7xx_hal_gpio.d:
#  A default, MAKEFILES, or -include/sinclude makefile.
#  Implicit rule search has been don 
e.
#  Last modified 2022-03-21 22:03:46
#  File has been updated.
#  Successfully updated.
# variable set hash-table stats:
# Load=0/32=0%, Rehash=0, Collisions=0/0=0%

build/stm32f7xx_hal_dma.o: Drivers/STM32F7xx_HAL_Driver/Src/stm32f7xx_hal_dma.c makefile Drivers/STM32F7xx_HAL_Driver/Src/stm32f7xx_hal_dma.c Drivers/STM32F7xx_HAL_Driver/Inc/stm32f7xx_hal.h Inc/stm32f7xx_hal_conf.h Drivers/STM32F7xx_HAL_Driver/Inc/stm32f7xx_hal_rcc.h Drivers/STM32F7xx_HAL_Driver/Inc/stm32f7xx_hal_def.h Drivers/CMSIS/Device/ST/STM32F7xx/Include/stm32f7xx.h Drivers/CMSIS/Device/ST/STM32F7xx/Include/stm32f746xx.h Drivers/CMSIS/Include/core_cm7.h Drivers/CMSIS/Include/cmsis_version.h Drivers/CMSIS/Include/cmsis_compiler.h Drivers/CMSIS/Include/cmsis_gcc.h Drivers/CMSIS/Include/mpu_armv7.h Drivers/CMSIS/Device/ST/STM32F7xx/Include/system_stm32f7xx.h Drivers/STM32F7xx_HAL_Driver/Inc/Legacy/stm32_hal_legacy.h Drivers/STM32F7xx_HAL_Driver/Inc/stm32f7xx_hal_rcc_ex.h Drivers/STM32F7xx_HAL_Driver/Inc/stm32f7xx_hal_exti.h Drivers/STM32F7xx_HAL_Driver/Inc/stm32f7xx_hal_gpio.h Drivers/STM32F7xx_HAL_Driver/Inc/stm32f7xx_hal_gpio_ex.h Drivers/STM32F7xx_HAL_Driver/Inc/stm32f7xx_hal_dma.h Drivers/STM32F7xx_HAL_Driver/Inc/stm32f7xx_hal_dma_ex.h Drivers/STM32F7xx_HAL_Driver/Inc/stm32f7xx_hal_cortex.h Drivers/STM32F7xx_HAL_Driver/Inc/stm32f7xx_hal_flash.h Drivers/STM32F7xx_HAL_Driver/Inc/stm32f7xx_hal_flash_ex.h Drivers/STM32F7xx_HAL_Driver/Inc/stm32f7xx_hal_i2c.h Drivers/STM32F7xx_HAL_Driver/Inc/stm32f7xx_hal_i2c_ex.h Drivers/STM32F7xx_HAL_Driver/Inc/stm32f7xx_hal_pwr.h Drivers/STM32F7xx_HAL_Driver/Inc/stm32f7xx_hal_pwr_ex.h | build
#  Implicit rule search has been done.
#  Implicit/static pattern stem: `stm32f7xx_hal_dma'
#  Last modified 2022-03-21 22:03:47
#  File has been updated.
#  Successfully updated.
# variable set hash-table stats:
# Load=0/32=0%, Rehash=0, Collisions=0/0=0%
#  commands to execute (from `makefile', line 163):
	$(CC) -c $(CFLAGS) -Wa,-a,-ad,-alms=$(BUILD_DIR)/$(notdir $(<:.c=.lst)) $< -o $@
	

# Not a target:
Drivers/STM32F 
7xx_HAL_Driver/Src/stm32f7xx_hal_flash.c:
#  Implicit rule search has been done.
#  Last modified 2022-03-20 11:20:20
#  File has been updated.
#  Successfully updated.
# variable set hash-table stats:
# Load=0/32=0%, Rehash=0, Collisions=0/0=0%

build/stm32f7xx_hal_tim_ex.o: Drivers/STM32F7xx_HAL_Driver/Src/stm32f7xx_hal_tim_ex.c makefile Drivers/STM32F7xx_HAL_Driver/Src/stm32f7xx_hal_tim_ex.c Drivers/STM32F7xx_HAL_Driver/Inc/stm32f7xx_hal.h Inc/stm32f7xx_hal_conf.h Drivers/STM32F7xx_HAL_Driver/Inc/stm32f7xx_hal_rcc.h Drivers/STM32F7xx_HAL_Driver/Inc/stm32f7xx_hal_def.h Drivers/CMSIS/Device/ST/STM32F7xx/Include/stm32f7xx.h Drivers/CMSIS/Device/ST/STM32F7xx/Include/stm32f746xx.h Drivers/CMSIS/Include/core_cm7.h Drivers/CMSIS/Include/cmsis_version.h Drivers/CMSIS/Include/cmsis_compiler.h Drivers/CMSIS/Include/cmsis_gcc.h Drivers/CMSIS/Include/mpu_armv7.h Drivers/CMSIS/Device/ST/STM32F7xx/Include/system_stm32f7xx.h Drivers/STM32F7xx_HAL_Driver/Inc/Legacy/stm32_hal_legacy.h Drivers/STM32F7xx_HAL_Driver/Inc/stm32f7xx_hal_rcc_ex.h Drivers/STM32F7xx_HAL_Driver/Inc/stm32f7xx_hal_exti.h Drivers/STM32F7xx_HAL_Driver/Inc/stm32f7xx_hal_gpio.h Drivers/STM32F7xx_HAL_Driver/Inc/stm32f7xx_hal_gpio_ex.h Drivers/STM32F7xx_HAL_Driver/Inc/stm32f7xx_hal_dma.h Drivers/STM32F7xx_HAL_Driver/Inc/stm32f7xx_hal_dma_ex.h Drivers/STM32F7xx_HAL_Driver/Inc/stm32f7xx_hal_cortex.h Drivers/STM32F7xx_HAL_Driver/Inc/stm32f7xx_hal_flash.h Drivers/STM32F7xx_HAL_Driver/Inc/stm32f7xx_hal_flash_ex.h Drivers/STM32F7xx_HAL_Driver/Inc/stm32f7xx_hal_i2c. 
h Drivers/STM32F7xx_HAL_Driver/Inc/stm32f7xx_hal_i2c_ex.h Drivers/STM32F7xx_HAL_Driver/Inc/stm32f7xx_hal_pwr.h Drivers/STM32F7xx_HAL_Driver/Inc/stm32f7xx_hal_pwr_ex.h | build
#  Implicit rule search has been done.
#  Implicit/static pattern stem: `stm32f7xx_hal_tim_ex'
#  Last modified 2022-03-21 22:03:44
#  File has been updated.
#  Successfully updated.
# variable set hash-table stats:
# Load=0/32=0%, Rehash=0, Collisions=0/0=0%
#  commands to execute (from `makefile', line 163):
	$(CC) -c $(CFLAGS) -Wa,-a,-ad,-alms=$(BUILD_DIR)/$(notdir $(<:.c=.lst)) $< -o $@
	

# Not a target:
build/stm32f7xx_hal.d:
#  A default, MAKEFILES, or -include/sinclude makefile.
#  Implicit rule search has been done.
#  Last modified 2022-03-21 22:03:48
#  File has been updated.
#  Successfully updated.
# variable set hash-table stats:
# Load=0/32=0%, Rehash=0, Collisions=0/0=0%

Drivers/STM32F7xx_HAL_Driver/Inc/stm32f7xx_hal_flash_ex.h:
#  Implicit rule search has been done.
#  Last modified 2022-03-20 11:20:20
#  File has been  
updated.
#  Successfully updated.
# variable set hash-table stats:
# Load=0/32=0%, Rehash=0, Collisions=0/0=0%

Inc/stm32f7xx_hal_conf.h:
#  Implicit rule search has been done.
#  Last modified 2022-03-21 09:41:11
#  File has been updated.
#  Successfully updated.
# variable set hash-table stats:
# Load=0/32=0%, Rehash=0, Collisions=0/0=0%

# Not a target:
Drivers/STM32F7xx_HAL_Driver/Src/stm32f7xx_hal_dma.c:
#  Implicit rule search has been done.
#  Last modified 2022-03-20 11:20:20
#  File has been update 
d.
#  Successfully updated.
# variable set hash-table stats:
# Load=0/32=0%, Rehash=0, Collisions=0/0=0%

# Not a target:
build/stm32f7xx_hal_rcc.d:
#  A default, MAKEFILES, or -include/sinclude makefile.
#  Implicit rule search has been done.
#  Last modified 2022-03-21 22:03:45
#  File has been updated.
#  Successfully updated.
# variable set hash-table stats:
# Load=0/32=0%, Rehash=0, Collisions=0/0=0%

# Not a target:
Drivers/STM32F7xx_HAL_Driver/Src/stm32f7xx_hal_tim_ex.c:
#  Implicit rule search has b 
een done.
#  Last modified 2022-03-20 11:20:20
#  File has been updated.
#  Successfully updated.
# variable set hash-table stats:
# Load=0/32=0%, Rehash=0, Collisions=0/0=0%

Drivers/STM32F7xx_HAL_Driver/Inc/stm32f7xx_hal_dma_ex.h:
#  Implicit rule search has been done.
#  Last modified 2022-03-20 11:20:20
#  File has been updated.
#  Successfully updated.
# variable set hash-table stats:
# Load=0/32=0%, Rehash=0, Collisions=0/0=0%

Drivers/CMSIS/Include/cmsis_compiler.h:
#  Implicit rule search has been d 
one.
#  Last modified 2022-03-20 11:05:20
#  File has been updated.
#  Successfully updated.
# variable set hash-table stats:
# Load=0/32=0%, Rehash=0, Collisions=0/0=0%

Drivers/STM32F7xx_HAL_Driver/Inc/stm32f7xx_hal_def.h:
#  Implicit rule search has been done.
#  Last modified 2022-03-20 11:20:20
#  File has been updated.
#  Successfully updated.
# variable set hash-table stats:
# Load=0/32=0%, Rehash=0, Collisions=0/0=0%

# Not a target:
Src/system_stm32f7xx.c:
#  Implicit rule search has been done.
#   
Last modified 2022-03-20 11:20:20
#  File has been updated.
#  Successfully updated.
# variable set hash-table stats:
# Load=0/32=0%, Rehash=0, Collisions=0/0=0%

build/stm32f7xx_hal_pwr_ex.o: Drivers/STM32F7xx_HAL_Driver/Src/stm32f7xx_hal_pwr_ex.c makefile Drivers/STM32F7xx_HAL_Driver/Src/stm32f7xx_hal_pwr_ex.c Drivers/STM32F7xx_HAL_Driver/Inc/stm32f7xx_hal.h Inc/stm32f7xx_hal_conf.h Drivers/STM32F7xx_HAL_Driver/Inc/stm32f7xx_hal_rcc.h Drivers/STM32F7xx_HAL_Driver/Inc/stm32f7xx_hal_def.h Drivers/CMSIS/Device/ST/STM32F7xx/Include/stm32f7xx.h Drivers/CMSIS/Device/ST/STM32F7xx/Include/stm32f746xx.h Drivers/CMSIS/Include/core_cm7.h Drivers/CMSIS/Include/cmsis_version.h Drivers/CMSIS/Include/cmsis_compiler.h Drivers/CMSIS/Include/cmsis_gcc.h Drivers/CMSIS/Include/mpu_armv7.h Drivers/CMSIS/Device/ST/STM32F7xx/Include/system_stm32f7xx.h Drivers/STM32F7xx_HAL_Driver/Inc/Legacy/stm32_hal_legacy.h Drivers/STM32F7xx_HAL_Driver/Inc/stm32f7xx_hal_rcc_ex.h Drivers/STM32F7xx_HAL_Driver/Inc/stm32f7xx_hal_exti.h Drivers/STM32F7xx_HAL_Driver/Inc/stm32f7xx_hal_gpio.h Drivers/STM32F7xx_HAL_Driver/Inc/stm32f7xx_hal_gpio_ex.h Drivers/STM32F7xx_HAL_Driver/Inc/stm32f7xx_hal_dma.h Drivers/STM32F7xx_HAL_Driver/Inc/stm32f7xx_hal_dma_ex.h Drivers/STM32F7xx_HAL_Driver/Inc/stm32f7xx_hal_cortex.h Drivers/STM32F7xx_HAL_Driver/Inc/stm32f7xx_hal_flash.h Drivers/STM32F7xx_HAL_Driver/Inc/stm32f7xx_hal_flash_ex.h Drivers/STM32F7xx_HAL_Driver/Inc/stm32f7xx_hal_i2c.h Drivers/STM32F7xx_HAL_Driver/Inc/stm32f7xx_hal_i2c_ex.h Drivers/STM32F7xx_HAL_Driv 
er/Inc/stm32f7xx_hal_pwr.h Drivers/STM32F7xx_HAL_Driver/Inc/stm32f7xx_hal_pwr_ex.h | build
#  Implicit rule search has been done.
#  Implicit/static pattern stem: `stm32f7xx_hal_pwr_ex'
#  Last modified 2022-03-21 22:03:47
#  File has been updated.
#  Successfully updated.
# variable set hash-table stats:
# Load=0/32=0%, Rehash=0, Collisions=0/0=0%
#  commands to execute (from `makefile', line 163):
	$(CC) -c $(CFLAGS) -Wa,-a,-ad,-alms=$(BUILD_DIR)/$(notdir $(<:.c=.lst)) $< -o $@
	

# Not a target:
build/sy 
stem_stm32f7xx.d:
#  A default, MAKEFILES, or -include/sinclude makefile.
#  Implicit rule search has been done.
#  Last modified 2022-03-21 22:03:49
#  File has been updated.
#  Successfully updated.
# variable set hash-table stats:
# Load=0/32=0%, Rehash=0, Collisions=0/0=0%

# Not a target:
build/stm32f7xx_hal_exti.d:
#  A default, MAKEFILES, or -include/sinclude makefile.
#  Implicit rule search has been done.
#  Last modified 2022-03-21 22:03:48
#  File has been updated.
#  Successfully updated.
# vari 
able set hash-table stats:
# Load=0/32=0%, Rehash=0, Collisions=0/0=0%

Drivers/STM32F7xx_HAL_Driver/Inc/stm32f7xx_hal_gpio.h:
#  Implicit rule search has been done.
#  Last modified 2022-03-20 11:20:20
#  File has been updated.
#  Successfully updated.
# variable set hash-table stats:
# Load=0/32=0%, Rehash=0, Collisions=0/0=0%

# Not a target:
Drivers/STM32F7xx_HAL_Driver/Src/stm32f7xx_hal_pwr_ex.c:
#  Implicit rule search has been done.
#  Last modified 2022-03-20 11:20:20
#  File has been updated.
#  Successfully updated.
# variable set hash-table stats:
# Load=0/32=0%, Rehash=0, Collisions=0/0=0%

build/stm32f7xx_hal_cortex.o: Drivers/STM32F7xx_HAL_Driver/Src/stm32f7xx_hal_cortex.c makefile Drivers/STM32F7xx_HAL_Driver/Src/stm32f7xx_hal_cortex.c Drivers/STM32F7xx_HAL_Driver/Inc/stm32f7xx_hal.h Inc/stm32f7xx_hal_conf.h Drivers/STM32F7xx_HAL_Driver/Inc/stm32f7xx_hal_rcc.h Drivers/STM32F7xx_HAL_Driver/Inc/stm32f7xx_hal_def.h Drivers/CMSIS/Device/ST/STM32F7xx/Include/stm32f7xx.h Drivers/CMSIS/Device/ST/STM32F7xx/Include/stm32f746xx.h Drivers/CMSIS/Include/core_cm7.h Drivers/CMSIS/Include/cmsis_version.h Drivers/CMSIS/Include/cmsis_compiler.h Drivers/CMSIS/Include/cmsis_gcc.h Drivers/CMSIS/Include/mpu_armv7.h Drivers/CMSIS/Device/ST/STM32F7xx/Include/system_stm32f7xx.h Drivers/STM32F7xx_HAL_Driver/Inc/Legacy/stm32_hal_legacy.h Drivers/STM32F7xx_HAL_Driver/Inc/stm32f7xx_hal_rcc_ex.h Drivers/STM32F7xx_HAL_Driver/Inc/stm32f7xx_hal_exti.h Drivers/STM32F7xx_HAL_Driver/Inc/stm32f7xx_hal_gpio.h Drivers/STM32F7xx_HAL_Driver/Inc/stm32f7xx_hal_gpio_ex.h Drivers/STM32F7xx_HAL_Driver/Inc/stm32f7xx_hal_dma.h Drivers/STM32F7xx_HAL_Driver/Inc/stm32f7xx_hal_dma_ex.h Drivers/STM32F7xx_HAL_Driver/Inc/stm32f7xx_hal_cortex.h Drivers/STM32F7xx_HAL_Driver/Inc/stm32f7xx_hal_flash.h Drivers/STM32F7xx_HAL_Driver/Inc/stm32f7xx_hal_flash_ex.h Drivers/STM32F7xx_HAL_Driver/Inc/stm32f7xx_hal_i2c.h Drivers/STM32F7xx_HAL_Driver/Inc/stm32f7xx_hal_i2c_ex.h Drivers/STM32F7xx_HAL_Driver/Inc/stm32f7xx_hal_pwr.h Drivers/STM32F7xx_HAL_Driver/Inc/stm32 
f7xx_hal_pwr_ex.h | build
#  Implicit rule search has been done.
#  Implicit/static pattern stem: `stm32f7xx_hal_cortex'
#  Last modified 2022-03-21 22:03:44
#  File has been updated.
#  Successfully updated.
# variable set hash-table stats:
# Load=0/32=0%, Rehash=0, Collisions=0/0=0%
#  commands to execute (from `makefile', line 163):
	$(CC) -c $(CFLAGS) -Wa,-a,-ad,-alms=$(BUILD_DIR)/$(notdir $(<:.c=.lst)) $< -o $@
	

Drivers/STM32F7xx_HAL_Driver/Inc/stm32f7xx_hal.h:
#  Implicit rule search has been done.
 
#  Last modified 2022-03-20 11:20:20
#  File has been updated.
#  Successfully updated.
# variable set hash-table stats:
# Load=0/32=0%, Rehash=0, Collisions=0/0=0%

# files hash-table stats:
# Load=108/1024=11%, Rehash=0, Collisions=92/1597=6%
# VPATH Search Paths

vpath %.c Drivers/STM32F7xx_HAL_Driver/Src;Src

# 1 `vpath' search paths.

# No general (`VPATH' variable) search path.

# # of strings in strcache: 23
# # of strcache buffers: 1
# strcache size: total = 4096 / max = 4096 / min = 4096 / avg = 40 
96
# strcache free: total = 3522 / max = 3522 / min = 3522 / avg = 3522

# Finished Make data base on Tue Mar 22 11:35:46 2022

 
